2020-04-21 16:13:05.109 [main] WARN  org.mybatis.spring.mapper.ClassPathMapperScanner - Skipping MapperFactoryBean with name 'busCommonCoeAreaMapper' and 'com.hifo.dataoperation.mapper.coe.BusCommonCoeAreaMapper' mapperInterface. Bean already defined with the same name!
2020-04-21 16:13:05.116 [main] WARN  org.mybatis.spring.mapper.ClassPathMapperScanner - Skipping MapperFactoryBean with name 'busCommonCoeOrientationMapper' and 'com.hifo.dataoperation.mapper.coe.BusCommonCoeOrientationMapper' mapperInterface. Bean already defined with the same name!
2020-04-21 16:13:05.166 [main] WARN  org.mybatis.spring.mapper.ClassPathMapperScanner - Skipping MapperFactoryBean with name 'busOrganizationCoetypeMapper' and 'com.hifo.dataoperation.mapper.coe.BusOrganizationCoetypeMapper' mapperInterface. Bean already defined with the same name!
2020-04-21 16:13:05.167 [main] WARN  org.mybatis.spring.mapper.ClassPathMapperScanner - Skipping MapperFactoryBean with name 'busBuildingMapper' and 'com.hifo.dataoperation.mapper.estate.BusBuildingMapper' mapperInterface. Bean already defined with the same name!
2020-04-21 16:13:05.168 [main] WARN  org.mybatis.spring.mapper.ClassPathMapperScanner - Skipping MapperFactoryBean with name 'customerOrgMapper' and 'com.hifo.dataoperation.mapper.setting.CustomerOrgMapper' mapperInterface. Bean already defined with the same name!
2020-04-21 16:13:05.168 [main] WARN  org.mybatis.spring.mapper.ClassPathMapperScanner - Skipping MapperFactoryBean with name 'hfDictionaryMapper' and 'com.hifo.dataoperation.mapper.setting.HfDictionaryMapper' mapperInterface. Bean already defined with the same name!
2020-04-21 16:13:05.169 [main] WARN  org.mybatis.spring.mapper.ClassPathMapperScanner - Skipping MapperFactoryBean with name 'moduleMapper' and 'com.hifo.dataoperation.mapper.setting.ModuleMapper' mapperInterface. Bean already defined with the same name!
2020-04-21 16:13:05.171 [main] WARN  org.mybatis.spring.mapper.ClassPathMapperScanner - Skipping MapperFactoryBean with name 'busUploadLogMapper' and 'com.hifo.dataoperation.mapper.upload.BusUploadLogMapper' mapperInterface. Bean already defined with the same name!
2020-04-21 16:13:05.172 [main] WARN  org.mybatis.spring.mapper.ClassPathMapperScanner - Skipping MapperFactoryBean with name 'coeMapper' and 'com.hifo.dataoperation.mapper.coe.CoeMapper' mapperInterface. Bean already defined with the same name!
2020-04-21 16:13:05.172 [main] WARN  org.mybatis.spring.mapper.ClassPathMapperScanner - Skipping MapperFactoryBean with name 'busSettingMapper' and 'com.hifo.dataoperation.mapper.setting.BusSettingMapper' mapperInterface. Bean already defined with the same name!
2020-04-21 16:13:05.173 [main] WARN  org.mybatis.spring.mapper.ClassPathMapperScanner - Skipping MapperFactoryBean with name 'fieldMapper' and 'com.hifo.dataoperation.mapper.setting.FieldMapper' mapperInterface. Bean already defined with the same name!
2020-04-21 16:13:05.174 [main] WARN  org.mybatis.spring.mapper.ClassPathMapperScanner - Skipping MapperFactoryBean with name 'busCoeItemMapper' and 'com.hifo.dataoperation.mapper.coe.BusCoeItemMapper' mapperInterface. Bean already defined with the same name!
2020-04-21 16:13:05.176 [main] WARN  org.mybatis.spring.mapper.ClassPathMapperScanner - Skipping MapperFactoryBean with name 'busEstateAgentMapper' and 'com.hifo.dataoperation.mapper.estate.BusEstateAgentMapper' mapperInterface. Bean already defined with the same name!
2020-04-21 16:13:05.177 [main] WARN  org.mybatis.spring.mapper.ClassPathMapperScanner - Skipping MapperFactoryBean with name 'busOrganizationCityMapper' and 'com.hifo.dataoperation.mapper.setting.BusOrganizationCityMapper' mapperInterface. Bean already defined with the same name!
2020-04-21 16:13:05.177 [main] WARN  org.mybatis.spring.mapper.ClassPathMapperScanner - Skipping MapperFactoryBean with name 'extOrganizationMapper' and 'com.hifo.dataoperation.mapper.setting.ExtOrganizationMapper' mapperInterface. Bean already defined with the same name!
2020-04-21 16:13:05.178 [main] WARN  org.mybatis.spring.mapper.ClassPathMapperScanner - Skipping MapperFactoryBean with name 'basicMapper' and 'com.hifo.dataoperation.mapper.basic.BasicMapper' mapperInterface. Bean already defined with the same name!
2020-04-21 16:13:05.178 [main] WARN  org.mybatis.spring.mapper.ClassPathMapperScanner - Skipping MapperFactoryBean with name 'busCoeGroupMapper' and 'com.hifo.dataoperation.mapper.coe.BusCoeGroupMapper' mapperInterface. Bean already defined with the same name!
2020-04-21 16:13:05.179 [main] WARN  org.mybatis.spring.mapper.ClassPathMapperScanner - Skipping MapperFactoryBean with name 'busCoeStructureMapper' and 'com.hifo.dataoperation.mapper.coe.BusCoeStructureMapper' mapperInterface. Bean already defined with the same name!
2020-04-21 16:13:05.179 [main] WARN  org.mybatis.spring.mapper.ClassPathMapperScanner - Skipping MapperFactoryBean with name 'busCommonCoeFloorMapper' and 'com.hifo.dataoperation.mapper.coe.BusCommonCoeFloorMapper' mapperInterface. Bean already defined with the same name!
2020-04-21 16:13:05.179 [main] WARN  org.mybatis.spring.mapper.ClassPathMapperScanner - Skipping MapperFactoryBean with name 'busCommonCoeSceneryMapper' and 'com.hifo.dataoperation.mapper.coe.BusCommonCoeSceneryMapper' mapperInterface. Bean already defined with the same name!
2020-04-21 16:13:05.180 [main] WARN  org.mybatis.spring.mapper.ClassPathMapperScanner - Skipping MapperFactoryBean with name 'busCommonCoeStructureMapper' and 'com.hifo.dataoperation.mapper.coe.BusCommonCoeStructureMapper' mapperInterface. Bean already defined with the same name!
2020-04-21 16:13:05.180 [main] WARN  org.mybatis.spring.mapper.ClassPathMapperScanner - Skipping MapperFactoryBean with name 'extEmployeeMapper' and 'com.hifo.dataoperation.mapper.crm.ExtEmployeeMapper' mapperInterface. Bean already defined with the same name!
2020-04-21 16:13:05.180 [main] WARN  org.mybatis.spring.mapper.ClassPathMapperScanner - Skipping MapperFactoryBean with name 'avgPriceMapper' and 'com.hifo.dataoperation.mapper.estate.AvgPriceMapper' mapperInterface. Bean already defined with the same name!
2020-04-21 16:13:05.181 [main] WARN  org.mybatis.spring.mapper.ClassPathMapperScanner - Skipping MapperFactoryBean with name 'busEstateMapper' and 'com.hifo.dataoperation.mapper.estate.BusEstateMapper' mapperInterface. Bean already defined with the same name!
2020-04-21 16:13:05.181 [main] WARN  org.mybatis.spring.mapper.ClassPathMapperScanner - Skipping MapperFactoryBean with name 'busMergeRelMapper' and 'com.hifo.dataoperation.mapper.estate.BusMergeRelMapper' mapperInterface. Bean already defined with the same name!
2020-04-21 16:13:05.181 [main] WARN  org.mybatis.spring.mapper.ClassPathMapperScanner - Skipping MapperFactoryBean with name 'busRoomMapper' and 'com.hifo.dataoperation.mapper.estate.BusRoomMapper' mapperInterface. Bean already defined with the same name!
2020-04-21 16:13:05.182 [main] WARN  org.mybatis.spring.mapper.ClassPathMapperScanner - Skipping MapperFactoryBean with name 'busVirtualRelMapper' and 'com.hifo.dataoperation.mapper.estate.BusVirtualRelMapper' mapperInterface. Bean already defined with the same name!
2020-04-21 16:13:05.182 [main] WARN  org.mybatis.spring.mapper.ClassPathMapperScanner - Skipping MapperFactoryBean with name 'busAdministrativeMapper' and 'com.hifo.dataoperation.mapper.setting.BusAdministrativeMapper' mapperInterface. Bean already defined with the same name!
2020-04-21 16:13:05.183 [main] WARN  org.mybatis.spring.mapper.ClassPathMapperScanner - Skipping MapperFactoryBean with name 'customerUserMapper' and 'com.hifo.dataoperation.mapper.setting.CustomerUserMapper' mapperInterface. Bean already defined with the same name!
2020-04-21 16:13:05.183 [main] WARN  org.mybatis.spring.mapper.ClassPathMapperScanner - Skipping MapperFactoryBean with name 'extAskPriceLogMapper' and 'com.hifo.dataoperation.mapper.wxh5.ExtAskPriceLogMapper' mapperInterface. Bean already defined with the same name!
2020-04-21 16:13:05.184 [main] WARN  org.mybatis.spring.mapper.ClassPathMapperScanner - No MyBatis mapper was found in '[com.hifo.*.mapper]' package. Please check your configuration.
2020-04-21 16:13:08.050 [main] WARN  c.b.mybatisplus.core.toolkit.TableInfoHelper - Warn: Could not find @TableId in Class: com.hifo.dataoperation.entity.CategoryDictionary.
2020-04-21 16:13:08.169 [main] WARN  c.b.mybatisplus.core.toolkit.TableInfoHelper - Warn: Could not find @TableId in Class: org.apache.poi.ss.formula.functions.T.
2020-04-21 16:13:08.905 [main] WARN  c.b.mybatisplus.core.toolkit.TableInfoHelper - Warn: Could not find @TableId in Class: com.hifo.dataoperation.vo.BusRoomVO.
2020-04-21 16:13:12.382 [main] WARN  s.d.s.w.readers.parameter.ParameterDataTypeReader - Trying to infer dataType java.lang.String[]
2020-04-21 16:13:12.406 [main] WARN  s.d.s.w.readers.parameter.ParameterDataTypeReader - Trying to infer dataType java.lang.String[]
2020-04-21 16:13:12.612 [main] WARN  s.d.s.w.readers.parameter.ParameterDataTypeReader - Trying to infer dataType java.lang.String[]
2020-04-21 16:13:12.654 [main] WARN  s.d.s.w.readers.parameter.ParameterDataTypeReader - Trying to infer dataType java.lang.String[]
2020-04-21 16:13:12.668 [main] WARN  s.d.s.w.readers.parameter.ParameterDataTypeReader - Trying to infer dataType java.lang.String[]
2020-04-21 16:13:12.678 [main] WARN  s.d.s.w.readers.parameter.ParameterDataTypeReader - Trying to infer dataType java.lang.String[]
2020-04-21 16:13:12.711 [main] WARN  s.d.s.w.readers.parameter.ParameterDataTypeReader - Trying to infer dataType java.lang.String[]
2020-04-21 16:13:12.751 [main] WARN  s.d.s.w.readers.parameter.ParameterDataTypeReader - Trying to infer dataType java.lang.String[]
2020-04-21 16:13:12.779 [main] WARN  s.d.s.w.readers.parameter.ParameterDataTypeReader - Trying to infer dataType java.lang.String[]
2020-04-21 16:13:12.792 [main] WARN  s.d.s.w.readers.parameter.ParameterDataTypeReader - Trying to infer dataType java.lang.String[]
2020-04-21 16:13:13.128 [main] WARN  s.d.s.w.readers.parameter.ParameterDataTypeReader - Trying to infer dataType java.lang.String[]
2020-04-21 16:13:13.132 [main] WARN  s.d.s.w.readers.parameter.ParameterDataTypeReader - Trying to infer dataType java.lang.String[]
2020-04-21 16:13:13.146 [main] WARN  s.d.s.w.readers.parameter.ParameterDataTypeReader - Trying to infer dataType java.lang.String[]
2020-04-21 16:13:13.150 [main] WARN  s.d.s.w.readers.parameter.ParameterDataTypeReader - Trying to infer dataType java.lang.String[]
2020-04-21 16:13:13.154 [main] WARN  s.d.s.w.readers.parameter.ParameterDataTypeReader - Trying to infer dataType java.lang.String[]
2020-04-21 16:13:13.165 [main] WARN  s.d.s.w.readers.parameter.ParameterDataTypeReader - Trying to infer dataType java.lang.String[]
2020-04-21 16:13:13.242 [main] WARN  s.d.s.w.readers.parameter.ParameterDataTypeReader - Trying to infer dataType java.lang.String[]
2020-04-21 16:13:13.293 [main] WARN  s.d.s.w.readers.parameter.ParameterDataTypeReader - Trying to infer dataType java.lang.String[]
2020-04-21 16:13:13.326 [main] WARN  s.d.s.w.readers.parameter.ParameterDataTypeReader - Trying to infer dataType java.lang.String[]
2020-04-21 16:13:13.346 [main] WARN  s.d.s.w.readers.parameter.ParameterDataTypeReader - Trying to infer dataType java.lang.String[]
2020-04-21 16:13:13.498 [main] WARN  s.d.s.w.readers.parameter.ParameterDataTypeReader - Trying to infer dataType java.lang.String[]
2020-04-21 16:13:13.524 [main] WARN  s.d.s.w.readers.parameter.ParameterDataTypeReader - Trying to infer dataType java.lang.String[]
2020-04-21 16:13:13.538 [main] WARN  s.d.s.w.readers.parameter.ParameterDataTypeReader - Trying to infer dataType java.lang.String[]
2020-04-21 16:23:35.745 [main] WARN  org.mybatis.spring.mapper.ClassPathMapperScanner - Skipping MapperFactoryBean with name 'basicMapper' and 'com.hifo.dataoperation.mapper.basic.BasicMapper' mapperInterface. Bean already defined with the same name!
2020-04-21 16:23:35.747 [main] WARN  org.mybatis.spring.mapper.ClassPathMapperScanner - Skipping MapperFactoryBean with name 'busCoeStructureMapper' and 'com.hifo.dataoperation.mapper.coe.BusCoeStructureMapper' mapperInterface. Bean already defined with the same name!
2020-04-21 16:23:35.748 [main] WARN  org.mybatis.spring.mapper.ClassPathMapperScanner - Skipping MapperFactoryBean with name 'busCommonCoeAreaMapper' and 'com.hifo.dataoperation.mapper.coe.BusCommonCoeAreaMapper' mapperInterface. Bean already defined with the same name!
2020-04-21 16:23:35.749 [main] WARN  org.mybatis.spring.mapper.ClassPathMapperScanner - Skipping MapperFactoryBean with name 'busCommonCoeFloorMapper' and 'com.hifo.dataoperation.mapper.coe.BusCommonCoeFloorMapper' mapperInterface. Bean already defined with the same name!
2020-04-21 16:23:35.749 [main] WARN  org.mybatis.spring.mapper.ClassPathMapperScanner - Skipping MapperFactoryBean with name 'busCommonCoeOrientationMapper' and 'com.hifo.dataoperation.mapper.coe.BusCommonCoeOrientationMapper' mapperInterface. Bean already defined with the same name!
2020-04-21 16:23:35.750 [main] WARN  org.mybatis.spring.mapper.ClassPathMapperScanner - Skipping MapperFactoryBean with name 'busCommonCoeSceneryMapper' and 'com.hifo.dataoperation.mapper.coe.BusCommonCoeSceneryMapper' mapperInterface. Bean already defined with the same name!
2020-04-21 16:23:35.751 [main] WARN  org.mybatis.spring.mapper.ClassPathMapperScanner - Skipping MapperFactoryBean with name 'busOrganizationCoetypeMapper' and 'com.hifo.dataoperation.mapper.coe.BusOrganizationCoetypeMapper' mapperInterface. Bean already defined with the same name!
2020-04-21 16:23:35.752 [main] WARN  org.mybatis.spring.mapper.ClassPathMapperScanner - Skipping MapperFactoryBean with name 'avgPriceMapper' and 'com.hifo.dataoperation.mapper.estate.AvgPriceMapper' mapperInterface. Bean already defined with the same name!
2020-04-21 16:23:35.753 [main] WARN  org.mybatis.spring.mapper.ClassPathMapperScanner - Skipping MapperFactoryBean with name 'busOrganizationCityMapper' and 'com.hifo.dataoperation.mapper.setting.BusOrganizationCityMapper' mapperInterface. Bean already defined with the same name!
2020-04-21 16:23:35.754 [main] WARN  org.mybatis.spring.mapper.ClassPathMapperScanner - Skipping MapperFactoryBean with name 'extOrganizationMapper' and 'com.hifo.dataoperation.mapper.setting.ExtOrganizationMapper' mapperInterface. Bean already defined with the same name!
2020-04-21 16:23:35.755 [main] WARN  org.mybatis.spring.mapper.ClassPathMapperScanner - Skipping MapperFactoryBean with name 'busCoeGroupMapper' and 'com.hifo.dataoperation.mapper.coe.BusCoeGroupMapper' mapperInterface. Bean already defined with the same name!
2020-04-21 16:23:35.755 [main] WARN  org.mybatis.spring.mapper.ClassPathMapperScanner - Skipping MapperFactoryBean with name 'busCommonCoeStructureMapper' and 'com.hifo.dataoperation.mapper.coe.BusCommonCoeStructureMapper' mapperInterface. Bean already defined with the same name!
2020-04-21 16:23:35.756 [main] WARN  org.mybatis.spring.mapper.ClassPathMapperScanner - Skipping MapperFactoryBean with name 'coeMapper' and 'com.hifo.dataoperation.mapper.coe.CoeMapper' mapperInterface. Bean already defined with the same name!
2020-04-21 16:23:35.756 [main] WARN  org.mybatis.spring.mapper.ClassPathMapperScanner - Skipping MapperFactoryBean with name 'busBuildingMapper' and 'com.hifo.dataoperation.mapper.estate.BusBuildingMapper' mapperInterface. Bean already defined with the same name!
2020-04-21 16:23:35.757 [main] WARN  org.mybatis.spring.mapper.ClassPathMapperScanner - Skipping MapperFactoryBean with name 'customerOrgMapper' and 'com.hifo.dataoperation.mapper.setting.CustomerOrgMapper' mapperInterface. Bean already defined with the same name!
2020-04-21 16:23:35.757 [main] WARN  org.mybatis.spring.mapper.ClassPathMapperScanner - Skipping MapperFactoryBean with name 'hfDictionaryMapper' and 'com.hifo.dataoperation.mapper.setting.HfDictionaryMapper' mapperInterface. Bean already defined with the same name!
2020-04-21 16:23:35.757 [main] WARN  org.mybatis.spring.mapper.ClassPathMapperScanner - Skipping MapperFactoryBean with name 'busUploadLogMapper' and 'com.hifo.dataoperation.mapper.upload.BusUploadLogMapper' mapperInterface. Bean already defined with the same name!
2020-04-21 16:23:35.757 [main] WARN  org.mybatis.spring.mapper.ClassPathMapperScanner - Skipping MapperFactoryBean with name 'busCoeItemMapper' and 'com.hifo.dataoperation.mapper.coe.BusCoeItemMapper' mapperInterface. Bean already defined with the same name!
2020-04-21 16:23:35.758 [main] WARN  org.mybatis.spring.mapper.ClassPathMapperScanner - Skipping MapperFactoryBean with name 'extEmployeeMapper' and 'com.hifo.dataoperation.mapper.crm.ExtEmployeeMapper' mapperInterface. Bean already defined with the same name!
2020-04-21 16:23:35.758 [main] WARN  org.mybatis.spring.mapper.ClassPathMapperScanner - Skipping MapperFactoryBean with name 'busEstateMapper' and 'com.hifo.dataoperation.mapper.estate.BusEstateMapper' mapperInterface. Bean already defined with the same name!
2020-04-21 16:23:35.758 [main] WARN  org.mybatis.spring.mapper.ClassPathMapperScanner - Skipping MapperFactoryBean with name 'busRoomMapper' and 'com.hifo.dataoperation.mapper.estate.BusRoomMapper' mapperInterface. Bean already defined with the same name!
2020-04-21 16:23:35.758 [main] WARN  org.mybatis.spring.mapper.ClassPathMapperScanner - Skipping MapperFactoryBean with name 'busSettingMapper' and 'com.hifo.dataoperation.mapper.setting.BusSettingMapper' mapperInterface. Bean already defined with the same name!
2020-04-21 16:23:35.758 [main] WARN  org.mybatis.spring.mapper.ClassPathMapperScanner - Skipping MapperFactoryBean with name 'fieldMapper' and 'com.hifo.dataoperation.mapper.setting.FieldMapper' mapperInterface. Bean already defined with the same name!
2020-04-21 16:23:35.759 [main] WARN  org.mybatis.spring.mapper.ClassPathMapperScanner - Skipping MapperFactoryBean with name 'busEstateAgentMapper' and 'com.hifo.dataoperation.mapper.estate.BusEstateAgentMapper' mapperInterface. Bean already defined with the same name!
2020-04-21 16:23:35.759 [main] WARN  org.mybatis.spring.mapper.ClassPathMapperScanner - Skipping MapperFactoryBean with name 'busMergeRelMapper' and 'com.hifo.dataoperation.mapper.estate.BusMergeRelMapper' mapperInterface. Bean already defined with the same name!
2020-04-21 16:23:35.759 [main] WARN  org.mybatis.spring.mapper.ClassPathMapperScanner - Skipping MapperFactoryBean with name 'busVirtualRelMapper' and 'com.hifo.dataoperation.mapper.estate.BusVirtualRelMapper' mapperInterface. Bean already defined with the same name!
2020-04-21 16:23:35.759 [main] WARN  org.mybatis.spring.mapper.ClassPathMapperScanner - Skipping MapperFactoryBean with name 'busAdministrativeMapper' and 'com.hifo.dataoperation.mapper.setting.BusAdministrativeMapper' mapperInterface. Bean already defined with the same name!
2020-04-21 16:23:35.759 [main] WARN  org.mybatis.spring.mapper.ClassPathMapperScanner - Skipping MapperFactoryBean with name 'customerUserMapper' and 'com.hifo.dataoperation.mapper.setting.CustomerUserMapper' mapperInterface. Bean already defined with the same name!
2020-04-21 16:23:35.760 [main] WARN  org.mybatis.spring.mapper.ClassPathMapperScanner - Skipping MapperFactoryBean with name 'moduleMapper' and 'com.hifo.dataoperation.mapper.setting.ModuleMapper' mapperInterface. Bean already defined with the same name!
2020-04-21 16:23:35.760 [main] WARN  org.mybatis.spring.mapper.ClassPathMapperScanner - Skipping MapperFactoryBean with name 'extAskPriceLogMapper' and 'com.hifo.dataoperation.mapper.wxh5.ExtAskPriceLogMapper' mapperInterface. Bean already defined with the same name!
2020-04-21 16:23:35.760 [main] WARN  org.mybatis.spring.mapper.ClassPathMapperScanner - No MyBatis mapper was found in '[com.hifo.*.mapper]' package. Please check your configuration.
2020-04-21 16:23:39.520 [main] WARN  c.b.mybatisplus.core.toolkit.TableInfoHelper - Warn: Could not find @TableId in Class: org.apache.poi.ss.formula.functions.T.
2020-04-21 16:23:39.609 [main] WARN  c.b.mybatisplus.core.toolkit.TableInfoHelper - Warn: Could not find @TableId in Class: com.hifo.dataoperation.vo.BusRoomVO.
2020-04-21 16:23:39.658 [main] WARN  c.b.mybatisplus.core.toolkit.TableInfoHelper - Warn: Could not find @TableId in Class: com.hifo.dataoperation.entity.CategoryDictionary.
2020-04-21 16:23:42.033 [main] WARN  s.d.s.w.readers.parameter.ParameterDataTypeReader - Trying to infer dataType java.lang.String[]
2020-04-21 16:23:42.048 [main] WARN  s.d.s.w.readers.parameter.ParameterDataTypeReader - Trying to infer dataType java.lang.String[]
2020-04-21 16:23:42.147 [main] WARN  s.d.s.w.readers.parameter.ParameterDataTypeReader - Trying to infer dataType java.lang.String[]
2020-04-21 16:23:42.176 [main] WARN  s.d.s.w.readers.parameter.ParameterDataTypeReader - Trying to infer dataType java.lang.String[]
2020-04-21 16:23:42.189 [main] WARN  s.d.s.w.readers.parameter.ParameterDataTypeReader - Trying to infer dataType java.lang.String[]
2020-04-21 16:23:42.194 [main] WARN  s.d.s.w.readers.parameter.ParameterDataTypeReader - Trying to infer dataType java.lang.String[]
2020-04-21 16:23:42.220 [main] WARN  s.d.s.w.readers.parameter.ParameterDataTypeReader - Trying to infer dataType java.lang.String[]
2020-04-21 16:23:42.250 [main] WARN  s.d.s.w.readers.parameter.ParameterDataTypeReader - Trying to infer dataType java.lang.String[]
2020-04-21 16:23:42.272 [main] WARN  s.d.s.w.readers.parameter.ParameterDataTypeReader - Trying to infer dataType java.lang.String[]
2020-04-21 16:23:42.282 [main] WARN  s.d.s.w.readers.parameter.ParameterDataTypeReader - Trying to infer dataType java.lang.String[]
2020-04-21 16:23:42.537 [main] WARN  s.d.s.w.readers.parameter.ParameterDataTypeReader - Trying to infer dataType java.lang.String[]
2020-04-21 16:23:42.540 [main] WARN  s.d.s.w.readers.parameter.ParameterDataTypeReader - Trying to infer dataType java.lang.String[]
2020-04-21 16:23:42.551 [main] WARN  s.d.s.w.readers.parameter.ParameterDataTypeReader - Trying to infer dataType java.lang.String[]
2020-04-21 16:23:42.554 [main] WARN  s.d.s.w.readers.parameter.ParameterDataTypeReader - Trying to infer dataType java.lang.String[]
2020-04-21 16:23:42.558 [main] WARN  s.d.s.w.readers.parameter.ParameterDataTypeReader - Trying to infer dataType java.lang.String[]
2020-04-21 16:23:42.566 [main] WARN  s.d.s.w.readers.parameter.ParameterDataTypeReader - Trying to infer dataType java.lang.String[]
2020-04-21 16:23:42.620 [main] WARN  s.d.s.w.readers.parameter.ParameterDataTypeReader - Trying to infer dataType java.lang.String[]
2020-04-21 16:23:42.664 [main] WARN  s.d.s.w.readers.parameter.ParameterDataTypeReader - Trying to infer dataType java.lang.String[]
2020-04-21 16:23:42.691 [main] WARN  s.d.s.w.readers.parameter.ParameterDataTypeReader - Trying to infer dataType java.lang.String[]
2020-04-21 16:23:42.709 [main] WARN  s.d.s.w.readers.parameter.ParameterDataTypeReader - Trying to infer dataType java.lang.String[]
2020-04-21 16:23:42.865 [main] WARN  s.d.s.w.readers.parameter.ParameterDataTypeReader - Trying to infer dataType java.lang.String[]
2020-04-21 16:23:42.891 [main] WARN  s.d.s.w.readers.parameter.ParameterDataTypeReader - Trying to infer dataType java.lang.String[]
2020-04-21 16:23:42.906 [main] WARN  s.d.s.w.readers.parameter.ParameterDataTypeReader - Trying to infer dataType java.lang.String[]
