2020-04-20 14:24:20.711 [main] WARN  org.mybatis.spring.mapper.ClassPathMapperScanner - Skipping MapperFactoryBean with name 'busCoeStructureMapper' and 'com.hifo.dataoperation.mapper.coe.BusCoeStructureMapper' mapperInterface. Bean already defined with the same name!
2020-04-20 14:24:20.715 [main] WARN  org.mybatis.spring.mapper.ClassPathMapperScanner - Skipping MapperFactoryBean with name 'busCommonCoeFloorMapper' and 'com.hifo.dataoperation.mapper.coe.BusCommonCoeFloorMapper' mapperInterface. Bean already defined with the same name!
2020-04-20 14:24:20.718 [main] WARN  org.mybatis.spring.mapper.ClassPathMapperScanner - Skipping MapperFactoryBean with name 'busCommonCoeSceneryMapper' and 'com.hifo.dataoperation.mapper.coe.BusCommonCoeSceneryMapper' mapperInterface. Bean already defined with the same name!
2020-04-20 14:24:20.720 [main] WARN  org.mybatis.spring.mapper.ClassPathMapperScanner - Skipping MapperFactoryBean with name 'busEstateAgentMapper' and 'com.hifo.dataoperation.mapper.estate.BusEstateAgentMapper' mapperInterface. Bean already defined with the same name!
2020-04-20 14:24:20.724 [main] WARN  org.mybatis.spring.mapper.ClassPathMapperScanner - Skipping MapperFactoryBean with name 'busCommonCoeOrientationMapper' and 'com.hifo.dataoperation.mapper.coe.BusCommonCoeOrientationMapper' mapperInterface. Bean already defined with the same name!
2020-04-20 14:24:20.735 [main] WARN  org.mybatis.spring.mapper.ClassPathMapperScanner - Skipping MapperFactoryBean with name 'extEmployeeMapper' and 'com.hifo.dataoperation.mapper.crm.ExtEmployeeMapper' mapperInterface. Bean already defined with the same name!
2020-04-20 14:24:20.738 [main] WARN  org.mybatis.spring.mapper.ClassPathMapperScanner - Skipping MapperFactoryBean with name 'avgPriceMapper' and 'com.hifo.dataoperation.mapper.estate.AvgPriceMapper' mapperInterface. Bean already defined with the same name!
2020-04-20 14:24:20.740 [main] WARN  org.mybatis.spring.mapper.ClassPathMapperScanner - Skipping MapperFactoryBean with name 'busBuildingMapper' and 'com.hifo.dataoperation.mapper.estate.BusBuildingMapper' mapperInterface. Bean already defined with the same name!
2020-04-20 14:24:20.743 [main] WARN  org.mybatis.spring.mapper.ClassPathMapperScanner - Skipping MapperFactoryBean with name 'busAdministrativeMapper' and 'com.hifo.dataoperation.mapper.setting.BusAdministrativeMapper' mapperInterface. Bean already defined with the same name!
2020-04-20 14:24:20.745 [main] WARN  org.mybatis.spring.mapper.ClassPathMapperScanner - Skipping MapperFactoryBean with name 'customerOrgMapper' and 'com.hifo.dataoperation.mapper.setting.CustomerOrgMapper' mapperInterface. Bean already defined with the same name!
2020-04-20 14:24:20.748 [main] WARN  org.mybatis.spring.mapper.ClassPathMapperScanner - Skipping MapperFactoryBean with name 'basicMapper' and 'com.hifo.dataoperation.mapper.basic.BasicMapper' mapperInterface. Bean already defined with the same name!
2020-04-20 14:24:20.750 [main] WARN  org.mybatis.spring.mapper.ClassPathMapperScanner - Skipping MapperFactoryBean with name 'busCoeItemMapper' and 'com.hifo.dataoperation.mapper.coe.BusCoeItemMapper' mapperInterface. Bean already defined with the same name!
2020-04-20 14:24:20.752 [main] WARN  org.mybatis.spring.mapper.ClassPathMapperScanner - Skipping MapperFactoryBean with name 'busEstateMapper' and 'com.hifo.dataoperation.mapper.estate.BusEstateMapper' mapperInterface. Bean already defined with the same name!
2020-04-20 14:24:20.754 [main] WARN  org.mybatis.spring.mapper.ClassPathMapperScanner - Skipping MapperFactoryBean with name 'busOrganizationCityMapper' and 'com.hifo.dataoperation.mapper.setting.BusOrganizationCityMapper' mapperInterface. Bean already defined with the same name!
2020-04-20 14:24:20.756 [main] WARN  org.mybatis.spring.mapper.ClassPathMapperScanner - Skipping MapperFactoryBean with name 'customerUserMapper' and 'com.hifo.dataoperation.mapper.setting.CustomerUserMapper' mapperInterface. Bean already defined with the same name!
2020-04-20 14:24:20.759 [main] WARN  org.mybatis.spring.mapper.ClassPathMapperScanner - Skipping MapperFactoryBean with name 'extOrganizationMapper' and 'com.hifo.dataoperation.mapper.setting.ExtOrganizationMapper' mapperInterface. Bean already defined with the same name!
2020-04-20 14:24:20.761 [main] WARN  org.mybatis.spring.mapper.ClassPathMapperScanner - Skipping MapperFactoryBean with name 'fieldMapper' and 'com.hifo.dataoperation.mapper.setting.FieldMapper' mapperInterface. Bean already defined with the same name!
2020-04-20 14:24:20.763 [main] WARN  org.mybatis.spring.mapper.ClassPathMapperScanner - Skipping MapperFactoryBean with name 'hfDictionaryMapper' and 'com.hifo.dataoperation.mapper.setting.HfDictionaryMapper' mapperInterface. Bean already defined with the same name!
2020-04-20 14:24:20.765 [main] WARN  org.mybatis.spring.mapper.ClassPathMapperScanner - Skipping MapperFactoryBean with name 'moduleMapper' and 'com.hifo.dataoperation.mapper.setting.ModuleMapper' mapperInterface. Bean already defined with the same name!
2020-04-20 14:24:20.767 [main] WARN  org.mybatis.spring.mapper.ClassPathMapperScanner - Skipping MapperFactoryBean with name 'busUploadLogMapper' and 'com.hifo.dataoperation.mapper.upload.BusUploadLogMapper' mapperInterface. Bean already defined with the same name!
2020-04-20 14:24:20.769 [main] WARN  org.mybatis.spring.mapper.ClassPathMapperScanner - Skipping MapperFactoryBean with name 'extAskPriceLogMapper' and 'com.hifo.dataoperation.mapper.wxh5.ExtAskPriceLogMapper' mapperInterface. Bean already defined with the same name!
2020-04-20 14:24:20.772 [main] WARN  org.mybatis.spring.mapper.ClassPathMapperScanner - Skipping MapperFactoryBean with name 'busCoeGroupMapper' and 'com.hifo.dataoperation.mapper.coe.BusCoeGroupMapper' mapperInterface. Bean already defined with the same name!
2020-04-20 14:24:20.774 [main] WARN  org.mybatis.spring.mapper.ClassPathMapperScanner - Skipping MapperFactoryBean with name 'busCommonCoeAreaMapper' and 'com.hifo.dataoperation.mapper.coe.BusCommonCoeAreaMapper' mapperInterface. Bean already defined with the same name!
2020-04-20 14:24:20.777 [main] WARN  org.mybatis.spring.mapper.ClassPathMapperScanner - Skipping MapperFactoryBean with name 'busCommonCoeStructureMapper' and 'com.hifo.dataoperation.mapper.coe.BusCommonCoeStructureMapper' mapperInterface. Bean already defined with the same name!
2020-04-20 14:24:20.779 [main] WARN  org.mybatis.spring.mapper.ClassPathMapperScanner - Skipping MapperFactoryBean with name 'busOrganizationCoetypeMapper' and 'com.hifo.dataoperation.mapper.coe.BusOrganizationCoetypeMapper' mapperInterface. Bean already defined with the same name!
2020-04-20 14:24:20.781 [main] WARN  org.mybatis.spring.mapper.ClassPathMapperScanner - Skipping MapperFactoryBean with name 'coeMapper' and 'com.hifo.dataoperation.mapper.coe.CoeMapper' mapperInterface. Bean already defined with the same name!
2020-04-20 14:24:20.783 [main] WARN  org.mybatis.spring.mapper.ClassPathMapperScanner - Skipping MapperFactoryBean with name 'busMergeRelMapper' and 'com.hifo.dataoperation.mapper.estate.BusMergeRelMapper' mapperInterface. Bean already defined with the same name!
2020-04-20 14:24:20.786 [main] WARN  org.mybatis.spring.mapper.ClassPathMapperScanner - Skipping MapperFactoryBean with name 'busRoomMapper' and 'com.hifo.dataoperation.mapper.estate.BusRoomMapper' mapperInterface. Bean already defined with the same name!
2020-04-20 14:24:20.788 [main] WARN  org.mybatis.spring.mapper.ClassPathMapperScanner - Skipping MapperFactoryBean with name 'busVirtualRelMapper' and 'com.hifo.dataoperation.mapper.estate.BusVirtualRelMapper' mapperInterface. Bean already defined with the same name!
2020-04-20 14:24:20.792 [main] WARN  org.mybatis.spring.mapper.ClassPathMapperScanner - Skipping MapperFactoryBean with name 'busSettingMapper' and 'com.hifo.dataoperation.mapper.setting.BusSettingMapper' mapperInterface. Bean already defined with the same name!
2020-04-20 14:24:20.795 [main] WARN  org.mybatis.spring.mapper.ClassPathMapperScanner - No MyBatis mapper was found in '[com.hifo.*.mapper]' package. Please check your configuration.
2020-04-20 14:24:25.751 [main] WARN  c.b.mybatisplus.core.toolkit.TableInfoHelper - Warn: Could not find @TableId in Class: org.apache.poi.ss.formula.functions.T.
2020-04-20 14:24:26.970 [main] WARN  c.b.mybatisplus.core.toolkit.TableInfoHelper - Warn: Could not find @TableId in Class: com.hifo.dataoperation.entity.CategoryDictionary.
2020-04-20 14:24:34.003 [main] WARN  s.d.s.w.readers.parameter.ParameterDataTypeReader - Trying to infer dataType java.lang.String[]
2020-04-20 14:24:34.133 [main] WARN  s.d.s.w.readers.parameter.ParameterDataTypeReader - Trying to infer dataType java.lang.String[]
2020-04-20 14:24:35.715 [main] WARN  s.d.s.w.readers.parameter.ParameterDataTypeReader - Trying to infer dataType java.lang.String[]
2020-04-20 14:24:36.218 [main] WARN  s.d.s.w.readers.parameter.ParameterDataTypeReader - Trying to infer dataType java.lang.String[]
2020-04-20 14:24:36.269 [main] WARN  s.d.s.w.readers.parameter.ParameterDataTypeReader - Trying to infer dataType java.lang.String[]
2020-04-20 14:24:36.295 [main] WARN  s.d.s.w.readers.parameter.ParameterDataTypeReader - Trying to infer dataType java.lang.String[]
2020-04-20 14:24:36.690 [main] WARN  s.d.s.w.readers.parameter.ParameterDataTypeReader - Trying to infer dataType java.lang.String[]
2020-04-20 14:24:36.935 [main] WARN  s.d.s.w.readers.parameter.ParameterDataTypeReader - Trying to infer dataType java.lang.String[]
2020-04-20 14:24:36.980 [main] WARN  s.d.s.w.readers.parameter.ParameterDataTypeReader - Trying to infer dataType java.lang.String[]
2020-04-20 14:24:37.019 [main] WARN  s.d.s.w.readers.parameter.ParameterDataTypeReader - Trying to infer dataType java.lang.String[]
2020-04-20 14:24:38.167 [main] WARN  s.d.s.w.readers.parameter.ParameterDataTypeReader - Trying to infer dataType java.lang.String[]
2020-04-20 14:24:38.232 [main] WARN  s.d.s.w.readers.parameter.ParameterDataTypeReader - Trying to infer dataType java.lang.String[]
2020-04-20 14:24:38.251 [main] WARN  s.d.s.w.readers.parameter.ParameterDataTypeReader - Trying to infer dataType java.lang.String[]
2020-04-20 14:24:38.381 [main] WARN  s.d.s.w.readers.parameter.ParameterDataTypeReader - Trying to infer dataType java.lang.String[]
2020-04-20 14:24:38.397 [main] WARN  s.d.s.w.readers.parameter.ParameterDataTypeReader - Trying to infer dataType java.lang.String[]
2020-04-20 14:24:38.414 [main] WARN  s.d.s.w.readers.parameter.ParameterDataTypeReader - Trying to infer dataType java.lang.String[]
2020-04-20 14:24:38.442 [main] WARN  s.d.s.w.readers.parameter.ParameterDataTypeReader - Trying to infer dataType java.lang.String[]
2020-04-20 14:24:39.725 [main] WARN  s.d.s.w.readers.parameter.ParameterDataTypeReader - Trying to infer dataType java.lang.String[]
2020-04-20 14:24:39.760 [main] WARN  s.d.s.w.readers.parameter.ParameterDataTypeReader - Trying to infer dataType java.lang.String[]
2020-04-20 14:24:39.936 [main] WARN  s.d.s.w.readers.parameter.ParameterDataTypeReader - Trying to infer dataType java.lang.String[]
2020-04-20 14:24:40.110 [main] WARN  s.d.s.w.readers.parameter.ParameterDataTypeReader - Trying to infer dataType java.lang.String[]
2020-04-20 14:24:40.183 [main] WARN  s.d.s.w.readers.parameter.ParameterDataTypeReader - Trying to infer dataType java.lang.String[]
2020-04-20 14:24:41.824 [main] WARN  s.d.s.w.readers.parameter.ParameterDataTypeReader - Trying to infer dataType java.lang.String[]
2020-04-20 14:24:42.189 [main] WARN  s.d.s.w.readers.parameter.ParameterDataTypeReader - Trying to infer dataType java.lang.String[]
2020-04-20 14:24:42.308 [main] WARN  s.d.s.w.readers.parameter.ParameterDataTypeReader - Trying to infer dataType java.lang.String[]
2020-04-20 15:17:35.565 [main] WARN  org.mybatis.spring.mapper.ClassPathMapperScanner - Skipping MapperFactoryBean with name 'basicMapper' and 'com.hifo.dataoperation.mapper.basic.BasicMapper' mapperInterface. Bean already defined with the same name!
2020-04-20 15:17:35.565 [main] WARN  org.mybatis.spring.mapper.ClassPathMapperScanner - Skipping MapperFactoryBean with name 'busCoeStructureMapper' and 'com.hifo.dataoperation.mapper.coe.BusCoeStructureMapper' mapperInterface. Bean already defined with the same name!
2020-04-20 15:17:35.565 [main] WARN  org.mybatis.spring.mapper.ClassPathMapperScanner - Skipping MapperFactoryBean with name 'busCommonCoeSceneryMapper' and 'com.hifo.dataoperation.mapper.coe.BusCommonCoeSceneryMapper' mapperInterface. Bean already defined with the same name!
2020-04-20 15:17:35.565 [main] WARN  org.mybatis.spring.mapper.ClassPathMapperScanner - Skipping MapperFactoryBean with name 'avgPriceMapper' and 'com.hifo.dataoperation.mapper.estate.AvgPriceMapper' mapperInterface. Bean already defined with the same name!
2020-04-20 15:17:35.565 [main] WARN  org.mybatis.spring.mapper.ClassPathMapperScanner - Skipping MapperFactoryBean with name 'busMergeRelMapper' and 'com.hifo.dataoperation.mapper.estate.BusMergeRelMapper' mapperInterface. Bean already defined with the same name!
2020-04-20 15:17:35.575 [main] WARN  org.mybatis.spring.mapper.ClassPathMapperScanner - Skipping MapperFactoryBean with name 'busSettingMapper' and 'com.hifo.dataoperation.mapper.setting.BusSettingMapper' mapperInterface. Bean already defined with the same name!
2020-04-20 15:17:35.575 [main] WARN  org.mybatis.spring.mapper.ClassPathMapperScanner - Skipping MapperFactoryBean with name 'fieldMapper' and 'com.hifo.dataoperation.mapper.setting.FieldMapper' mapperInterface. Bean already defined with the same name!
2020-04-20 15:17:35.575 [main] WARN  org.mybatis.spring.mapper.ClassPathMapperScanner - Skipping MapperFactoryBean with name 'busUploadLogMapper' and 'com.hifo.dataoperation.mapper.upload.BusUploadLogMapper' mapperInterface. Bean already defined with the same name!
2020-04-20 15:17:35.575 [main] WARN  org.mybatis.spring.mapper.ClassPathMapperScanner - Skipping MapperFactoryBean with name 'busCoeGroupMapper' and 'com.hifo.dataoperation.mapper.coe.BusCoeGroupMapper' mapperInterface. Bean already defined with the same name!
2020-04-20 15:17:35.575 [main] WARN  org.mybatis.spring.mapper.ClassPathMapperScanner - Skipping MapperFactoryBean with name 'busCommonCoeFloorMapper' and 'com.hifo.dataoperation.mapper.coe.BusCommonCoeFloorMapper' mapperInterface. Bean already defined with the same name!
2020-04-20 15:17:35.575 [main] WARN  org.mybatis.spring.mapper.ClassPathMapperScanner - Skipping MapperFactoryBean with name 'busOrganizationCoetypeMapper' and 'com.hifo.dataoperation.mapper.coe.BusOrganizationCoetypeMapper' mapperInterface. Bean already defined with the same name!
2020-04-20 15:17:35.575 [main] WARN  org.mybatis.spring.mapper.ClassPathMapperScanner - Skipping MapperFactoryBean with name 'extEmployeeMapper' and 'com.hifo.dataoperation.mapper.crm.ExtEmployeeMapper' mapperInterface. Bean already defined with the same name!
2020-04-20 15:17:35.575 [main] WARN  org.mybatis.spring.mapper.ClassPathMapperScanner - Skipping MapperFactoryBean with name 'busEstateAgentMapper' and 'com.hifo.dataoperation.mapper.estate.BusEstateAgentMapper' mapperInterface. Bean already defined with the same name!
2020-04-20 15:17:35.575 [main] WARN  org.mybatis.spring.mapper.ClassPathMapperScanner - Skipping MapperFactoryBean with name 'busVirtualRelMapper' and 'com.hifo.dataoperation.mapper.estate.BusVirtualRelMapper' mapperInterface. Bean already defined with the same name!
2020-04-20 15:17:35.575 [main] WARN  org.mybatis.spring.mapper.ClassPathMapperScanner - Skipping MapperFactoryBean with name 'busAdministrativeMapper' and 'com.hifo.dataoperation.mapper.setting.BusAdministrativeMapper' mapperInterface. Bean already defined with the same name!
2020-04-20 15:17:35.575 [main] WARN  org.mybatis.spring.mapper.ClassPathMapperScanner - Skipping MapperFactoryBean with name 'customerUserMapper' and 'com.hifo.dataoperation.mapper.setting.CustomerUserMapper' mapperInterface. Bean already defined with the same name!
2020-04-20 15:17:35.575 [main] WARN  org.mybatis.spring.mapper.ClassPathMapperScanner - Skipping MapperFactoryBean with name 'moduleMapper' and 'com.hifo.dataoperation.mapper.setting.ModuleMapper' mapperInterface. Bean already defined with the same name!
2020-04-20 15:17:35.575 [main] WARN  org.mybatis.spring.mapper.ClassPathMapperScanner - Skipping MapperFactoryBean with name 'busCoeItemMapper' and 'com.hifo.dataoperation.mapper.coe.BusCoeItemMapper' mapperInterface. Bean already defined with the same name!
2020-04-20 15:17:35.575 [main] WARN  org.mybatis.spring.mapper.ClassPathMapperScanner - Skipping MapperFactoryBean with name 'busCommonCoeOrientationMapper' and 'com.hifo.dataoperation.mapper.coe.BusCommonCoeOrientationMapper' mapperInterface. Bean already defined with the same name!
2020-04-20 15:17:35.575 [main] WARN  org.mybatis.spring.mapper.ClassPathMapperScanner - Skipping MapperFactoryBean with name 'coeMapper' and 'com.hifo.dataoperation.mapper.coe.CoeMapper' mapperInterface. Bean already defined with the same name!
2020-04-20 15:17:35.575 [main] WARN  org.mybatis.spring.mapper.ClassPathMapperScanner - Skipping MapperFactoryBean with name 'busEstateMapper' and 'com.hifo.dataoperation.mapper.estate.BusEstateMapper' mapperInterface. Bean already defined with the same name!
2020-04-20 15:17:35.575 [main] WARN  org.mybatis.spring.mapper.ClassPathMapperScanner - Skipping MapperFactoryBean with name 'busOrganizationCityMapper' and 'com.hifo.dataoperation.mapper.setting.BusOrganizationCityMapper' mapperInterface. Bean already defined with the same name!
2020-04-20 15:17:35.575 [main] WARN  org.mybatis.spring.mapper.ClassPathMapperScanner - Skipping MapperFactoryBean with name 'extOrganizationMapper' and 'com.hifo.dataoperation.mapper.setting.ExtOrganizationMapper' mapperInterface. Bean already defined with the same name!
2020-04-20 15:17:35.575 [main] WARN  org.mybatis.spring.mapper.ClassPathMapperScanner - Skipping MapperFactoryBean with name 'busCommonCoeAreaMapper' and 'com.hifo.dataoperation.mapper.coe.BusCommonCoeAreaMapper' mapperInterface. Bean already defined with the same name!
2020-04-20 15:17:35.575 [main] WARN  org.mybatis.spring.mapper.ClassPathMapperScanner - Skipping MapperFactoryBean with name 'busCommonCoeStructureMapper' and 'com.hifo.dataoperation.mapper.coe.BusCommonCoeStructureMapper' mapperInterface. Bean already defined with the same name!
2020-04-20 15:17:35.575 [main] WARN  org.mybatis.spring.mapper.ClassPathMapperScanner - Skipping MapperFactoryBean with name 'busBuildingMapper' and 'com.hifo.dataoperation.mapper.estate.BusBuildingMapper' mapperInterface. Bean already defined with the same name!
2020-04-20 15:17:35.575 [main] WARN  org.mybatis.spring.mapper.ClassPathMapperScanner - Skipping MapperFactoryBean with name 'busRoomMapper' and 'com.hifo.dataoperation.mapper.estate.BusRoomMapper' mapperInterface. Bean already defined with the same name!
2020-04-20 15:17:35.575 [main] WARN  org.mybatis.spring.mapper.ClassPathMapperScanner - Skipping MapperFactoryBean with name 'customerOrgMapper' and 'com.hifo.dataoperation.mapper.setting.CustomerOrgMapper' mapperInterface. Bean already defined with the same name!
2020-04-20 15:17:35.575 [main] WARN  org.mybatis.spring.mapper.ClassPathMapperScanner - Skipping MapperFactoryBean with name 'hfDictionaryMapper' and 'com.hifo.dataoperation.mapper.setting.HfDictionaryMapper' mapperInterface. Bean already defined with the same name!
2020-04-20 15:17:35.575 [main] WARN  org.mybatis.spring.mapper.ClassPathMapperScanner - Skipping MapperFactoryBean with name 'extAskPriceLogMapper' and 'com.hifo.dataoperation.mapper.wxh5.ExtAskPriceLogMapper' mapperInterface. Bean already defined with the same name!
2020-04-20 15:17:35.575 [main] WARN  org.mybatis.spring.mapper.ClassPathMapperScanner - No MyBatis mapper was found in '[com.hifo.*.mapper]' package. Please check your configuration.
2020-04-20 15:17:38.696 [main] WARN  c.b.mybatisplus.core.toolkit.TableInfoHelper - Warn: Could not find @TableId in Class: org.apache.poi.ss.formula.functions.T.
2020-04-20 15:17:38.846 [main] WARN  c.b.mybatisplus.core.toolkit.TableInfoHelper - Warn: Could not find @TableId in Class: com.hifo.dataoperation.entity.CategoryDictionary.
2020-04-20 15:17:41.967 [main] WARN  s.d.s.w.readers.parameter.ParameterDataTypeReader - Trying to infer dataType java.lang.String[]
2020-04-20 15:17:41.977 [main] WARN  s.d.s.w.readers.parameter.ParameterDataTypeReader - Trying to infer dataType java.lang.String[]
2020-04-20 15:17:42.067 [main] WARN  s.d.s.w.readers.parameter.ParameterDataTypeReader - Trying to infer dataType java.lang.String[]
2020-04-20 15:17:42.097 [main] WARN  s.d.s.w.readers.parameter.ParameterDataTypeReader - Trying to infer dataType java.lang.String[]
2020-04-20 15:17:42.107 [main] WARN  s.d.s.w.readers.parameter.ParameterDataTypeReader - Trying to infer dataType java.lang.String[]
2020-04-20 15:17:42.117 [main] WARN  s.d.s.w.readers.parameter.ParameterDataTypeReader - Trying to infer dataType java.lang.String[]
2020-04-20 15:17:42.137 [main] WARN  s.d.s.w.readers.parameter.ParameterDataTypeReader - Trying to infer dataType java.lang.String[]
2020-04-20 15:17:42.167 [main] WARN  s.d.s.w.readers.parameter.ParameterDataTypeReader - Trying to infer dataType java.lang.String[]
2020-04-20 15:17:42.187 [main] WARN  s.d.s.w.readers.parameter.ParameterDataTypeReader - Trying to infer dataType java.lang.String[]
2020-04-20 15:17:42.197 [main] WARN  s.d.s.w.readers.parameter.ParameterDataTypeReader - Trying to infer dataType java.lang.String[]
2020-04-20 15:17:42.257 [main] WARN  s.d.s.w.readers.parameter.ParameterDataTypeReader - Trying to infer dataType java.lang.String[]
2020-04-20 15:17:42.427 [main] WARN  s.d.s.w.readers.parameter.ParameterDataTypeReader - Trying to infer dataType java.lang.String[]
2020-04-20 15:17:42.437 [main] WARN  s.d.s.w.readers.parameter.ParameterDataTypeReader - Trying to infer dataType java.lang.String[]
2020-04-20 15:17:42.447 [main] WARN  s.d.s.w.readers.parameter.ParameterDataTypeReader - Trying to infer dataType java.lang.String[]
2020-04-20 15:17:42.447 [main] WARN  s.d.s.w.readers.parameter.ParameterDataTypeReader - Trying to infer dataType java.lang.String[]
2020-04-20 15:17:42.447 [main] WARN  s.d.s.w.readers.parameter.ParameterDataTypeReader - Trying to infer dataType java.lang.String[]
2020-04-20 15:17:42.457 [main] WARN  s.d.s.w.readers.parameter.ParameterDataTypeReader - Trying to infer dataType java.lang.String[]
2020-04-20 15:17:42.517 [main] WARN  s.d.s.w.readers.parameter.ParameterDataTypeReader - Trying to infer dataType java.lang.String[]
2020-04-20 15:17:42.567 [main] WARN  s.d.s.w.readers.parameter.ParameterDataTypeReader - Trying to infer dataType java.lang.String[]
2020-04-20 15:17:42.587 [main] WARN  s.d.s.w.readers.parameter.ParameterDataTypeReader - Trying to infer dataType java.lang.String[]
2020-04-20 15:17:42.607 [main] WARN  s.d.s.w.readers.parameter.ParameterDataTypeReader - Trying to infer dataType java.lang.String[]
2020-04-20 15:17:42.727 [main] WARN  s.d.s.w.readers.parameter.ParameterDataTypeReader - Trying to infer dataType java.lang.String[]
2020-04-20 15:17:42.757 [main] WARN  s.d.s.w.readers.parameter.ParameterDataTypeReader - Trying to infer dataType java.lang.String[]
2020-04-20 15:17:42.767 [main] WARN  s.d.s.w.readers.parameter.ParameterDataTypeReader - Trying to infer dataType java.lang.String[]
2020-04-20 15:25:35.083 [main] WARN  org.mybatis.spring.mapper.ClassPathMapperScanner - Skipping MapperFactoryBean with name 'basicMapper' and 'com.hifo.dataoperation.mapper.basic.BasicMapper' mapperInterface. Bean already defined with the same name!
2020-04-20 15:25:35.083 [main] WARN  org.mybatis.spring.mapper.ClassPathMapperScanner - Skipping MapperFactoryBean with name 'busCoeStructureMapper' and 'com.hifo.dataoperation.mapper.coe.BusCoeStructureMapper' mapperInterface. Bean already defined with the same name!
2020-04-20 15:25:35.083 [main] WARN  org.mybatis.spring.mapper.ClassPathMapperScanner - Skipping MapperFactoryBean with name 'busCommonCoeSceneryMapper' and 'com.hifo.dataoperation.mapper.coe.BusCommonCoeSceneryMapper' mapperInterface. Bean already defined with the same name!
2020-04-20 15:25:35.083 [main] WARN  org.mybatis.spring.mapper.ClassPathMapperScanner - Skipping MapperFactoryBean with name 'avgPriceMapper' and 'com.hifo.dataoperation.mapper.estate.AvgPriceMapper' mapperInterface. Bean already defined with the same name!
2020-04-20 15:25:35.083 [main] WARN  org.mybatis.spring.mapper.ClassPathMapperScanner - Skipping MapperFactoryBean with name 'busMergeRelMapper' and 'com.hifo.dataoperation.mapper.estate.BusMergeRelMapper' mapperInterface. Bean already defined with the same name!
2020-04-20 15:25:35.083 [main] WARN  org.mybatis.spring.mapper.ClassPathMapperScanner - Skipping MapperFactoryBean with name 'busSettingMapper' and 'com.hifo.dataoperation.mapper.setting.BusSettingMapper' mapperInterface. Bean already defined with the same name!
2020-04-20 15:25:35.083 [main] WARN  org.mybatis.spring.mapper.ClassPathMapperScanner - Skipping MapperFactoryBean with name 'fieldMapper' and 'com.hifo.dataoperation.mapper.setting.FieldMapper' mapperInterface. Bean already defined with the same name!
2020-04-20 15:25:35.083 [main] WARN  org.mybatis.spring.mapper.ClassPathMapperScanner - Skipping MapperFactoryBean with name 'busUploadLogMapper' and 'com.hifo.dataoperation.mapper.upload.BusUploadLogMapper' mapperInterface. Bean already defined with the same name!
2020-04-20 15:25:35.083 [main] WARN  org.mybatis.spring.mapper.ClassPathMapperScanner - Skipping MapperFactoryBean with name 'busCoeGroupMapper' and 'com.hifo.dataoperation.mapper.coe.BusCoeGroupMapper' mapperInterface. Bean already defined with the same name!
2020-04-20 15:25:35.083 [main] WARN  org.mybatis.spring.mapper.ClassPathMapperScanner - Skipping MapperFactoryBean with name 'busCommonCoeFloorMapper' and 'com.hifo.dataoperation.mapper.coe.BusCommonCoeFloorMapper' mapperInterface. Bean already defined with the same name!
2020-04-20 15:25:35.083 [main] WARN  org.mybatis.spring.mapper.ClassPathMapperScanner - Skipping MapperFactoryBean with name 'busOrganizationCoetypeMapper' and 'com.hifo.dataoperation.mapper.coe.BusOrganizationCoetypeMapper' mapperInterface. Bean already defined with the same name!
2020-04-20 15:25:35.083 [main] WARN  org.mybatis.spring.mapper.ClassPathMapperScanner - Skipping MapperFactoryBean with name 'extEmployeeMapper' and 'com.hifo.dataoperation.mapper.crm.ExtEmployeeMapper' mapperInterface. Bean already defined with the same name!
2020-04-20 15:25:35.083 [main] WARN  org.mybatis.spring.mapper.ClassPathMapperScanner - Skipping MapperFactoryBean with name 'busEstateAgentMapper' and 'com.hifo.dataoperation.mapper.estate.BusEstateAgentMapper' mapperInterface. Bean already defined with the same name!
2020-04-20 15:25:35.083 [main] WARN  org.mybatis.spring.mapper.ClassPathMapperScanner - Skipping MapperFactoryBean with name 'busVirtualRelMapper' and 'com.hifo.dataoperation.mapper.estate.BusVirtualRelMapper' mapperInterface. Bean already defined with the same name!
2020-04-20 15:25:35.083 [main] WARN  org.mybatis.spring.mapper.ClassPathMapperScanner - Skipping MapperFactoryBean with name 'busAdministrativeMapper' and 'com.hifo.dataoperation.mapper.setting.BusAdministrativeMapper' mapperInterface. Bean already defined with the same name!
2020-04-20 15:25:35.083 [main] WARN  org.mybatis.spring.mapper.ClassPathMapperScanner - Skipping MapperFactoryBean with name 'customerUserMapper' and 'com.hifo.dataoperation.mapper.setting.CustomerUserMapper' mapperInterface. Bean already defined with the same name!
2020-04-20 15:25:35.083 [main] WARN  org.mybatis.spring.mapper.ClassPathMapperScanner - Skipping MapperFactoryBean with name 'moduleMapper' and 'com.hifo.dataoperation.mapper.setting.ModuleMapper' mapperInterface. Bean already defined with the same name!
2020-04-20 15:25:35.083 [main] WARN  org.mybatis.spring.mapper.ClassPathMapperScanner - Skipping MapperFactoryBean with name 'busCoeItemMapper' and 'com.hifo.dataoperation.mapper.coe.BusCoeItemMapper' mapperInterface. Bean already defined with the same name!
2020-04-20 15:25:35.083 [main] WARN  org.mybatis.spring.mapper.ClassPathMapperScanner - Skipping MapperFactoryBean with name 'busCommonCoeOrientationMapper' and 'com.hifo.dataoperation.mapper.coe.BusCommonCoeOrientationMapper' mapperInterface. Bean already defined with the same name!
2020-04-20 15:25:35.083 [main] WARN  org.mybatis.spring.mapper.ClassPathMapperScanner - Skipping MapperFactoryBean with name 'coeMapper' and 'com.hifo.dataoperation.mapper.coe.CoeMapper' mapperInterface. Bean already defined with the same name!
2020-04-20 15:25:35.083 [main] WARN  org.mybatis.spring.mapper.ClassPathMapperScanner - Skipping MapperFactoryBean with name 'busEstateMapper' and 'com.hifo.dataoperation.mapper.estate.BusEstateMapper' mapperInterface. Bean already defined with the same name!
2020-04-20 15:25:35.083 [main] WARN  org.mybatis.spring.mapper.ClassPathMapperScanner - Skipping MapperFactoryBean with name 'busOrganizationCityMapper' and 'com.hifo.dataoperation.mapper.setting.BusOrganizationCityMapper' mapperInterface. Bean already defined with the same name!
2020-04-20 15:25:35.083 [main] WARN  org.mybatis.spring.mapper.ClassPathMapperScanner - Skipping MapperFactoryBean with name 'extOrganizationMapper' and 'com.hifo.dataoperation.mapper.setting.ExtOrganizationMapper' mapperInterface. Bean already defined with the same name!
2020-04-20 15:25:35.083 [main] WARN  org.mybatis.spring.mapper.ClassPathMapperScanner - Skipping MapperFactoryBean with name 'busCommonCoeAreaMapper' and 'com.hifo.dataoperation.mapper.coe.BusCommonCoeAreaMapper' mapperInterface. Bean already defined with the same name!
2020-04-20 15:25:35.083 [main] WARN  org.mybatis.spring.mapper.ClassPathMapperScanner - Skipping MapperFactoryBean with name 'busCommonCoeStructureMapper' and 'com.hifo.dataoperation.mapper.coe.BusCommonCoeStructureMapper' mapperInterface. Bean already defined with the same name!
2020-04-20 15:25:35.083 [main] WARN  org.mybatis.spring.mapper.ClassPathMapperScanner - Skipping MapperFactoryBean with name 'busBuildingMapper' and 'com.hifo.dataoperation.mapper.estate.BusBuildingMapper' mapperInterface. Bean already defined with the same name!
2020-04-20 15:25:35.083 [main] WARN  org.mybatis.spring.mapper.ClassPathMapperScanner - Skipping MapperFactoryBean with name 'busRoomMapper' and 'com.hifo.dataoperation.mapper.estate.BusRoomMapper' mapperInterface. Bean already defined with the same name!
2020-04-20 15:25:35.083 [main] WARN  org.mybatis.spring.mapper.ClassPathMapperScanner - Skipping MapperFactoryBean with name 'customerOrgMapper' and 'com.hifo.dataoperation.mapper.setting.CustomerOrgMapper' mapperInterface. Bean already defined with the same name!
2020-04-20 15:25:35.083 [main] WARN  org.mybatis.spring.mapper.ClassPathMapperScanner - Skipping MapperFactoryBean with name 'hfDictionaryMapper' and 'com.hifo.dataoperation.mapper.setting.HfDictionaryMapper' mapperInterface. Bean already defined with the same name!
2020-04-20 15:25:35.083 [main] WARN  org.mybatis.spring.mapper.ClassPathMapperScanner - Skipping MapperFactoryBean with name 'extAskPriceLogMapper' and 'com.hifo.dataoperation.mapper.wxh5.ExtAskPriceLogMapper' mapperInterface. Bean already defined with the same name!
2020-04-20 15:25:35.083 [main] WARN  org.mybatis.spring.mapper.ClassPathMapperScanner - No MyBatis mapper was found in '[com.hifo.*.mapper]' package. Please check your configuration.
2020-04-20 15:25:37.833 [main] WARN  c.b.mybatisplus.core.toolkit.TableInfoHelper - Warn: Could not find @TableId in Class: org.apache.poi.ss.formula.functions.T.
2020-04-20 15:25:37.973 [main] WARN  c.b.mybatisplus.core.toolkit.TableInfoHelper - Warn: Could not find @TableId in Class: com.hifo.dataoperation.entity.CategoryDictionary.
2020-04-20 15:25:40.747 [main] WARN  s.d.s.w.readers.parameter.ParameterDataTypeReader - Trying to infer dataType java.lang.String[]
2020-04-20 15:25:40.757 [main] WARN  s.d.s.w.readers.parameter.ParameterDataTypeReader - Trying to infer dataType java.lang.String[]
2020-04-20 15:25:40.847 [main] WARN  s.d.s.w.readers.parameter.ParameterDataTypeReader - Trying to infer dataType java.lang.String[]
2020-04-20 15:25:40.877 [main] WARN  s.d.s.w.readers.parameter.ParameterDataTypeReader - Trying to infer dataType java.lang.String[]
2020-04-20 15:25:40.887 [main] WARN  s.d.s.w.readers.parameter.ParameterDataTypeReader - Trying to infer dataType java.lang.String[]
2020-04-20 15:25:40.887 [main] WARN  s.d.s.w.readers.parameter.ParameterDataTypeReader - Trying to infer dataType java.lang.String[]
2020-04-20 15:25:40.917 [main] WARN  s.d.s.w.readers.parameter.ParameterDataTypeReader - Trying to infer dataType java.lang.String[]
2020-04-20 15:25:40.957 [main] WARN  s.d.s.w.readers.parameter.ParameterDataTypeReader - Trying to infer dataType java.lang.String[]
2020-04-20 15:25:40.977 [main] WARN  s.d.s.w.readers.parameter.ParameterDataTypeReader - Trying to infer dataType java.lang.String[]
2020-04-20 15:25:40.987 [main] WARN  s.d.s.w.readers.parameter.ParameterDataTypeReader - Trying to infer dataType java.lang.String[]
2020-04-20 15:25:41.037 [main] WARN  s.d.s.w.readers.parameter.ParameterDataTypeReader - Trying to infer dataType java.lang.String[]
2020-04-20 15:25:41.237 [main] WARN  s.d.s.w.readers.parameter.ParameterDataTypeReader - Trying to infer dataType java.lang.String[]
2020-04-20 15:25:41.247 [main] WARN  s.d.s.w.readers.parameter.ParameterDataTypeReader - Trying to infer dataType java.lang.String[]
2020-04-20 15:25:41.257 [main] WARN  s.d.s.w.readers.parameter.ParameterDataTypeReader - Trying to infer dataType java.lang.String[]
2020-04-20 15:25:41.257 [main] WARN  s.d.s.w.readers.parameter.ParameterDataTypeReader - Trying to infer dataType java.lang.String[]
2020-04-20 15:25:41.257 [main] WARN  s.d.s.w.readers.parameter.ParameterDataTypeReader - Trying to infer dataType java.lang.String[]
2020-04-20 15:25:41.267 [main] WARN  s.d.s.w.readers.parameter.ParameterDataTypeReader - Trying to infer dataType java.lang.String[]
2020-04-20 15:25:41.337 [main] WARN  s.d.s.w.readers.parameter.ParameterDataTypeReader - Trying to infer dataType java.lang.String[]
2020-04-20 15:25:41.377 [main] WARN  s.d.s.w.readers.parameter.ParameterDataTypeReader - Trying to infer dataType java.lang.String[]
2020-04-20 15:25:41.407 [main] WARN  s.d.s.w.readers.parameter.ParameterDataTypeReader - Trying to infer dataType java.lang.String[]
2020-04-20 15:25:41.427 [main] WARN  s.d.s.w.readers.parameter.ParameterDataTypeReader - Trying to infer dataType java.lang.String[]
2020-04-20 15:25:41.567 [main] WARN  s.d.s.w.readers.parameter.ParameterDataTypeReader - Trying to infer dataType java.lang.String[]
2020-04-20 15:25:41.598 [main] WARN  s.d.s.w.readers.parameter.ParameterDataTypeReader - Trying to infer dataType java.lang.String[]
2020-04-20 15:25:41.614 [main] WARN  s.d.s.w.readers.parameter.ParameterDataTypeReader - Trying to infer dataType java.lang.String[]
2020-04-20 16:09:31.966 [main] WARN  org.mybatis.spring.mapper.ClassPathMapperScanner - Skipping MapperFactoryBean with name 'basicMapper' and 'com.hifo.dataoperation.mapper.basic.BasicMapper' mapperInterface. Bean already defined with the same name!
2020-04-20 16:09:31.966 [main] WARN  org.mybatis.spring.mapper.ClassPathMapperScanner - Skipping MapperFactoryBean with name 'busCoeStructureMapper' and 'com.hifo.dataoperation.mapper.coe.BusCoeStructureMapper' mapperInterface. Bean already defined with the same name!
2020-04-20 16:09:31.966 [main] WARN  org.mybatis.spring.mapper.ClassPathMapperScanner - Skipping MapperFactoryBean with name 'busCommonCoeSceneryMapper' and 'com.hifo.dataoperation.mapper.coe.BusCommonCoeSceneryMapper' mapperInterface. Bean already defined with the same name!
2020-04-20 16:09:31.966 [main] WARN  org.mybatis.spring.mapper.ClassPathMapperScanner - Skipping MapperFactoryBean with name 'avgPriceMapper' and 'com.hifo.dataoperation.mapper.estate.AvgPriceMapper' mapperInterface. Bean already defined with the same name!
2020-04-20 16:09:31.966 [main] WARN  org.mybatis.spring.mapper.ClassPathMapperScanner - Skipping MapperFactoryBean with name 'busMergeRelMapper' and 'com.hifo.dataoperation.mapper.estate.BusMergeRelMapper' mapperInterface. Bean already defined with the same name!
2020-04-20 16:09:31.966 [main] WARN  org.mybatis.spring.mapper.ClassPathMapperScanner - Skipping MapperFactoryBean with name 'busSettingMapper' and 'com.hifo.dataoperation.mapper.setting.BusSettingMapper' mapperInterface. Bean already defined with the same name!
2020-04-20 16:09:31.966 [main] WARN  org.mybatis.spring.mapper.ClassPathMapperScanner - Skipping MapperFactoryBean with name 'fieldMapper' and 'com.hifo.dataoperation.mapper.setting.FieldMapper' mapperInterface. Bean already defined with the same name!
2020-04-20 16:09:31.966 [main] WARN  org.mybatis.spring.mapper.ClassPathMapperScanner - Skipping MapperFactoryBean with name 'busUploadLogMapper' and 'com.hifo.dataoperation.mapper.upload.BusUploadLogMapper' mapperInterface. Bean already defined with the same name!
2020-04-20 16:09:31.966 [main] WARN  org.mybatis.spring.mapper.ClassPathMapperScanner - Skipping MapperFactoryBean with name 'busCoeGroupMapper' and 'com.hifo.dataoperation.mapper.coe.BusCoeGroupMapper' mapperInterface. Bean already defined with the same name!
2020-04-20 16:09:31.976 [main] WARN  org.mybatis.spring.mapper.ClassPathMapperScanner - Skipping MapperFactoryBean with name 'busCommonCoeFloorMapper' and 'com.hifo.dataoperation.mapper.coe.BusCommonCoeFloorMapper' mapperInterface. Bean already defined with the same name!
2020-04-20 16:09:31.976 [main] WARN  org.mybatis.spring.mapper.ClassPathMapperScanner - Skipping MapperFactoryBean with name 'busOrganizationCoetypeMapper' and 'com.hifo.dataoperation.mapper.coe.BusOrganizationCoetypeMapper' mapperInterface. Bean already defined with the same name!
2020-04-20 16:09:31.976 [main] WARN  org.mybatis.spring.mapper.ClassPathMapperScanner - Skipping MapperFactoryBean with name 'extEmployeeMapper' and 'com.hifo.dataoperation.mapper.crm.ExtEmployeeMapper' mapperInterface. Bean already defined with the same name!
2020-04-20 16:09:31.976 [main] WARN  org.mybatis.spring.mapper.ClassPathMapperScanner - Skipping MapperFactoryBean with name 'busEstateAgentMapper' and 'com.hifo.dataoperation.mapper.estate.BusEstateAgentMapper' mapperInterface. Bean already defined with the same name!
2020-04-20 16:09:31.976 [main] WARN  org.mybatis.spring.mapper.ClassPathMapperScanner - Skipping MapperFactoryBean with name 'busVirtualRelMapper' and 'com.hifo.dataoperation.mapper.estate.BusVirtualRelMapper' mapperInterface. Bean already defined with the same name!
2020-04-20 16:09:31.976 [main] WARN  org.mybatis.spring.mapper.ClassPathMapperScanner - Skipping MapperFactoryBean with name 'busAdministrativeMapper' and 'com.hifo.dataoperation.mapper.setting.BusAdministrativeMapper' mapperInterface. Bean already defined with the same name!
2020-04-20 16:09:31.976 [main] WARN  org.mybatis.spring.mapper.ClassPathMapperScanner - Skipping MapperFactoryBean with name 'customerUserMapper' and 'com.hifo.dataoperation.mapper.setting.CustomerUserMapper' mapperInterface. Bean already defined with the same name!
2020-04-20 16:09:31.976 [main] WARN  org.mybatis.spring.mapper.ClassPathMapperScanner - Skipping MapperFactoryBean with name 'moduleMapper' and 'com.hifo.dataoperation.mapper.setting.ModuleMapper' mapperInterface. Bean already defined with the same name!
2020-04-20 16:09:31.976 [main] WARN  org.mybatis.spring.mapper.ClassPathMapperScanner - Skipping MapperFactoryBean with name 'busCoeItemMapper' and 'com.hifo.dataoperation.mapper.coe.BusCoeItemMapper' mapperInterface. Bean already defined with the same name!
2020-04-20 16:09:31.976 [main] WARN  org.mybatis.spring.mapper.ClassPathMapperScanner - Skipping MapperFactoryBean with name 'busCommonCoeOrientationMapper' and 'com.hifo.dataoperation.mapper.coe.BusCommonCoeOrientationMapper' mapperInterface. Bean already defined with the same name!
2020-04-20 16:09:31.976 [main] WARN  org.mybatis.spring.mapper.ClassPathMapperScanner - Skipping MapperFactoryBean with name 'coeMapper' and 'com.hifo.dataoperation.mapper.coe.CoeMapper' mapperInterface. Bean already defined with the same name!
2020-04-20 16:09:31.976 [main] WARN  org.mybatis.spring.mapper.ClassPathMapperScanner - Skipping MapperFactoryBean with name 'busEstateMapper' and 'com.hifo.dataoperation.mapper.estate.BusEstateMapper' mapperInterface. Bean already defined with the same name!
2020-04-20 16:09:31.976 [main] WARN  org.mybatis.spring.mapper.ClassPathMapperScanner - Skipping MapperFactoryBean with name 'busOrganizationCityMapper' and 'com.hifo.dataoperation.mapper.setting.BusOrganizationCityMapper' mapperInterface. Bean already defined with the same name!
2020-04-20 16:09:31.976 [main] WARN  org.mybatis.spring.mapper.ClassPathMapperScanner - Skipping MapperFactoryBean with name 'extOrganizationMapper' and 'com.hifo.dataoperation.mapper.setting.ExtOrganizationMapper' mapperInterface. Bean already defined with the same name!
2020-04-20 16:09:31.976 [main] WARN  org.mybatis.spring.mapper.ClassPathMapperScanner - Skipping MapperFactoryBean with name 'busCommonCoeAreaMapper' and 'com.hifo.dataoperation.mapper.coe.BusCommonCoeAreaMapper' mapperInterface. Bean already defined with the same name!
2020-04-20 16:09:31.976 [main] WARN  org.mybatis.spring.mapper.ClassPathMapperScanner - Skipping MapperFactoryBean with name 'busCommonCoeStructureMapper' and 'com.hifo.dataoperation.mapper.coe.BusCommonCoeStructureMapper' mapperInterface. Bean already defined with the same name!
2020-04-20 16:09:31.976 [main] WARN  org.mybatis.spring.mapper.ClassPathMapperScanner - Skipping MapperFactoryBean with name 'busBuildingMapper' and 'com.hifo.dataoperation.mapper.estate.BusBuildingMapper' mapperInterface. Bean already defined with the same name!
2020-04-20 16:09:31.976 [main] WARN  org.mybatis.spring.mapper.ClassPathMapperScanner - Skipping MapperFactoryBean with name 'busRoomMapper' and 'com.hifo.dataoperation.mapper.estate.BusRoomMapper' mapperInterface. Bean already defined with the same name!
2020-04-20 16:09:31.976 [main] WARN  org.mybatis.spring.mapper.ClassPathMapperScanner - Skipping MapperFactoryBean with name 'customerOrgMapper' and 'com.hifo.dataoperation.mapper.setting.CustomerOrgMapper' mapperInterface. Bean already defined with the same name!
2020-04-20 16:09:31.976 [main] WARN  org.mybatis.spring.mapper.ClassPathMapperScanner - Skipping MapperFactoryBean with name 'hfDictionaryMapper' and 'com.hifo.dataoperation.mapper.setting.HfDictionaryMapper' mapperInterface. Bean already defined with the same name!
2020-04-20 16:09:31.976 [main] WARN  org.mybatis.spring.mapper.ClassPathMapperScanner - Skipping MapperFactoryBean with name 'extAskPriceLogMapper' and 'com.hifo.dataoperation.mapper.wxh5.ExtAskPriceLogMapper' mapperInterface. Bean already defined with the same name!
2020-04-20 16:09:31.976 [main] WARN  org.mybatis.spring.mapper.ClassPathMapperScanner - No MyBatis mapper was found in '[com.hifo.*.mapper]' package. Please check your configuration.
2020-04-20 16:09:34.796 [main] WARN  c.b.mybatisplus.core.toolkit.TableInfoHelper - Warn: Could not find @TableId in Class: org.apache.poi.ss.formula.functions.T.
2020-04-20 16:09:34.966 [main] WARN  c.b.mybatisplus.core.toolkit.TableInfoHelper - Warn: Could not find @TableId in Class: com.hifo.dataoperation.entity.CategoryDictionary.
2020-04-20 16:09:37.806 [main] WARN  s.d.s.w.readers.parameter.ParameterDataTypeReader - Trying to infer dataType java.lang.String[]
2020-04-20 16:09:37.816 [main] WARN  s.d.s.w.readers.parameter.ParameterDataTypeReader - Trying to infer dataType java.lang.String[]
2020-04-20 16:09:37.906 [main] WARN  s.d.s.w.readers.parameter.ParameterDataTypeReader - Trying to infer dataType java.lang.String[]
2020-04-20 16:09:37.936 [main] WARN  s.d.s.w.readers.parameter.ParameterDataTypeReader - Trying to infer dataType java.lang.String[]
2020-04-20 16:09:37.946 [main] WARN  s.d.s.w.readers.parameter.ParameterDataTypeReader - Trying to infer dataType java.lang.String[]
2020-04-20 16:09:37.946 [main] WARN  s.d.s.w.readers.parameter.ParameterDataTypeReader - Trying to infer dataType java.lang.String[]
2020-04-20 16:09:37.966 [main] WARN  s.d.s.w.readers.parameter.ParameterDataTypeReader - Trying to infer dataType java.lang.String[]
2020-04-20 16:09:37.996 [main] WARN  s.d.s.w.readers.parameter.ParameterDataTypeReader - Trying to infer dataType java.lang.String[]
2020-04-20 16:09:38.016 [main] WARN  s.d.s.w.readers.parameter.ParameterDataTypeReader - Trying to infer dataType java.lang.String[]
2020-04-20 16:09:38.026 [main] WARN  s.d.s.w.readers.parameter.ParameterDataTypeReader - Trying to infer dataType java.lang.String[]
2020-04-20 16:09:38.076 [main] WARN  s.d.s.w.readers.parameter.ParameterDataTypeReader - Trying to infer dataType java.lang.String[]
2020-04-20 16:09:38.236 [main] WARN  s.d.s.w.readers.parameter.ParameterDataTypeReader - Trying to infer dataType java.lang.String[]
2020-04-20 16:09:38.236 [main] WARN  s.d.s.w.readers.parameter.ParameterDataTypeReader - Trying to infer dataType java.lang.String[]
2020-04-20 16:09:38.246 [main] WARN  s.d.s.w.readers.parameter.ParameterDataTypeReader - Trying to infer dataType java.lang.String[]
2020-04-20 16:09:38.246 [main] WARN  s.d.s.w.readers.parameter.ParameterDataTypeReader - Trying to infer dataType java.lang.String[]
2020-04-20 16:09:38.246 [main] WARN  s.d.s.w.readers.parameter.ParameterDataTypeReader - Trying to infer dataType java.lang.String[]
2020-04-20 16:09:38.256 [main] WARN  s.d.s.w.readers.parameter.ParameterDataTypeReader - Trying to infer dataType java.lang.String[]
2020-04-20 16:09:38.316 [main] WARN  s.d.s.w.readers.parameter.ParameterDataTypeReader - Trying to infer dataType java.lang.String[]
2020-04-20 16:09:38.376 [main] WARN  s.d.s.w.readers.parameter.ParameterDataTypeReader - Trying to infer dataType java.lang.String[]
2020-04-20 16:09:38.406 [main] WARN  s.d.s.w.readers.parameter.ParameterDataTypeReader - Trying to infer dataType java.lang.String[]
2020-04-20 16:09:38.426 [main] WARN  s.d.s.w.readers.parameter.ParameterDataTypeReader - Trying to infer dataType java.lang.String[]
2020-04-20 16:09:38.546 [main] WARN  s.d.s.w.readers.parameter.ParameterDataTypeReader - Trying to infer dataType java.lang.String[]
2020-04-20 16:09:38.576 [main] WARN  s.d.s.w.readers.parameter.ParameterDataTypeReader - Trying to infer dataType java.lang.String[]
2020-04-20 16:09:38.596 [main] WARN  s.d.s.w.readers.parameter.ParameterDataTypeReader - Trying to infer dataType java.lang.String[]
2020-04-20 16:27:13.160 [main] WARN  org.mybatis.spring.mapper.ClassPathMapperScanner - Skipping MapperFactoryBean with name 'basicMapper' and 'com.hifo.dataoperation.mapper.basic.BasicMapper' mapperInterface. Bean already defined with the same name!
2020-04-20 16:27:13.160 [main] WARN  org.mybatis.spring.mapper.ClassPathMapperScanner - Skipping MapperFactoryBean with name 'busCoeStructureMapper' and 'com.hifo.dataoperation.mapper.coe.BusCoeStructureMapper' mapperInterface. Bean already defined with the same name!
2020-04-20 16:27:13.160 [main] WARN  org.mybatis.spring.mapper.ClassPathMapperScanner - Skipping MapperFactoryBean with name 'busCommonCoeSceneryMapper' and 'com.hifo.dataoperation.mapper.coe.BusCommonCoeSceneryMapper' mapperInterface. Bean already defined with the same name!
2020-04-20 16:27:13.160 [main] WARN  org.mybatis.spring.mapper.ClassPathMapperScanner - Skipping MapperFactoryBean with name 'avgPriceMapper' and 'com.hifo.dataoperation.mapper.estate.AvgPriceMapper' mapperInterface. Bean already defined with the same name!
2020-04-20 16:27:13.160 [main] WARN  org.mybatis.spring.mapper.ClassPathMapperScanner - Skipping MapperFactoryBean with name 'busMergeRelMapper' and 'com.hifo.dataoperation.mapper.estate.BusMergeRelMapper' mapperInterface. Bean already defined with the same name!
2020-04-20 16:27:13.160 [main] WARN  org.mybatis.spring.mapper.ClassPathMapperScanner - Skipping MapperFactoryBean with name 'customerOrgMapper' and 'com.hifo.dataoperation.mapper.setting.CustomerOrgMapper' mapperInterface. Bean already defined with the same name!
2020-04-20 16:27:13.160 [main] WARN  org.mybatis.spring.mapper.ClassPathMapperScanner - Skipping MapperFactoryBean with name 'customerUserMapper' and 'com.hifo.dataoperation.mapper.setting.CustomerUserMapper' mapperInterface. Bean already defined with the same name!
2020-04-20 16:27:13.160 [main] WARN  org.mybatis.spring.mapper.ClassPathMapperScanner - Skipping MapperFactoryBean with name 'extOrganizationMapper' and 'com.hifo.dataoperation.mapper.setting.ExtOrganizationMapper' mapperInterface. Bean already defined with the same name!
2020-04-20 16:27:13.160 [main] WARN  org.mybatis.spring.mapper.ClassPathMapperScanner - Skipping MapperFactoryBean with name 'fieldMapper' and 'com.hifo.dataoperation.mapper.setting.FieldMapper' mapperInterface. Bean already defined with the same name!
2020-04-20 16:27:13.160 [main] WARN  org.mybatis.spring.mapper.ClassPathMapperScanner - Skipping MapperFactoryBean with name 'busCoeGroupMapper' and 'com.hifo.dataoperation.mapper.coe.BusCoeGroupMapper' mapperInterface. Bean already defined with the same name!
2020-04-20 16:27:13.160 [main] WARN  org.mybatis.spring.mapper.ClassPathMapperScanner - Skipping MapperFactoryBean with name 'busCommonCoeFloorMapper' and 'com.hifo.dataoperation.mapper.coe.BusCommonCoeFloorMapper' mapperInterface. Bean already defined with the same name!
2020-04-20 16:27:13.170 [main] WARN  org.mybatis.spring.mapper.ClassPathMapperScanner - Skipping MapperFactoryBean with name 'busOrganizationCoetypeMapper' and 'com.hifo.dataoperation.mapper.coe.BusOrganizationCoetypeMapper' mapperInterface. Bean already defined with the same name!
2020-04-20 16:27:13.170 [main] WARN  org.mybatis.spring.mapper.ClassPathMapperScanner - Skipping MapperFactoryBean with name 'extEmployeeMapper' and 'com.hifo.dataoperation.mapper.crm.ExtEmployeeMapper' mapperInterface. Bean already defined with the same name!
2020-04-20 16:27:13.170 [main] WARN  org.mybatis.spring.mapper.ClassPathMapperScanner - Skipping MapperFactoryBean with name 'busEstateAgentMapper' and 'com.hifo.dataoperation.mapper.estate.BusEstateAgentMapper' mapperInterface. Bean already defined with the same name!
2020-04-20 16:27:13.170 [main] WARN  org.mybatis.spring.mapper.ClassPathMapperScanner - Skipping MapperFactoryBean with name 'busSettingMapper' and 'com.hifo.dataoperation.mapper.setting.BusSettingMapper' mapperInterface. Bean already defined with the same name!
2020-04-20 16:27:13.170 [main] WARN  org.mybatis.spring.mapper.ClassPathMapperScanner - Skipping MapperFactoryBean with name 'busCoeItemMapper' and 'com.hifo.dataoperation.mapper.coe.BusCoeItemMapper' mapperInterface. Bean already defined with the same name!
2020-04-20 16:27:13.170 [main] WARN  org.mybatis.spring.mapper.ClassPathMapperScanner - Skipping MapperFactoryBean with name 'busCommonCoeOrientationMapper' and 'com.hifo.dataoperation.mapper.coe.BusCommonCoeOrientationMapper' mapperInterface. Bean already defined with the same name!
2020-04-20 16:27:13.170 [main] WARN  org.mybatis.spring.mapper.ClassPathMapperScanner - Skipping MapperFactoryBean with name 'coeMapper' and 'com.hifo.dataoperation.mapper.coe.CoeMapper' mapperInterface. Bean already defined with the same name!
2020-04-20 16:27:13.170 [main] WARN  org.mybatis.spring.mapper.ClassPathMapperScanner - Skipping MapperFactoryBean with name 'busEstateMapper' and 'com.hifo.dataoperation.mapper.estate.BusEstateMapper' mapperInterface. Bean already defined with the same name!
2020-04-20 16:27:13.170 [main] WARN  org.mybatis.spring.mapper.ClassPathMapperScanner - Skipping MapperFactoryBean with name 'hfDictionaryMapper' and 'com.hifo.dataoperation.mapper.setting.HfDictionaryMapper' mapperInterface. Bean already defined with the same name!
2020-04-20 16:27:13.170 [main] WARN  org.mybatis.spring.mapper.ClassPathMapperScanner - Skipping MapperFactoryBean with name 'moduleMapper' and 'com.hifo.dataoperation.mapper.setting.ModuleMapper' mapperInterface. Bean already defined with the same name!
2020-04-20 16:27:13.170 [main] WARN  org.mybatis.spring.mapper.ClassPathMapperScanner - Skipping MapperFactoryBean with name 'busUploadLogMapper' and 'com.hifo.dataoperation.mapper.upload.BusUploadLogMapper' mapperInterface. Bean already defined with the same name!
2020-04-20 16:27:13.170 [main] WARN  org.mybatis.spring.mapper.ClassPathMapperScanner - Skipping MapperFactoryBean with name 'extAskPriceLogMapper' and 'com.hifo.dataoperation.mapper.wxh5.ExtAskPriceLogMapper' mapperInterface. Bean already defined with the same name!
2020-04-20 16:27:13.170 [main] WARN  org.mybatis.spring.mapper.ClassPathMapperScanner - Skipping MapperFactoryBean with name 'busCommonCoeAreaMapper' and 'com.hifo.dataoperation.mapper.coe.BusCommonCoeAreaMapper' mapperInterface. Bean already defined with the same name!
2020-04-20 16:27:13.170 [main] WARN  org.mybatis.spring.mapper.ClassPathMapperScanner - Skipping MapperFactoryBean with name 'busCommonCoeStructureMapper' and 'com.hifo.dataoperation.mapper.coe.BusCommonCoeStructureMapper' mapperInterface. Bean already defined with the same name!
2020-04-20 16:27:13.170 [main] WARN  org.mybatis.spring.mapper.ClassPathMapperScanner - Skipping MapperFactoryBean with name 'busBuildingMapper' and 'com.hifo.dataoperation.mapper.estate.BusBuildingMapper' mapperInterface. Bean already defined with the same name!
2020-04-20 16:27:13.170 [main] WARN  org.mybatis.spring.mapper.ClassPathMapperScanner - Skipping MapperFactoryBean with name 'busRoomMapper' and 'com.hifo.dataoperation.mapper.estate.BusRoomMapper' mapperInterface. Bean already defined with the same name!
2020-04-20 16:27:13.170 [main] WARN  org.mybatis.spring.mapper.ClassPathMapperScanner - Skipping MapperFactoryBean with name 'busVirtualRelMapper' and 'com.hifo.dataoperation.mapper.estate.BusVirtualRelMapper' mapperInterface. Bean already defined with the same name!
2020-04-20 16:27:13.170 [main] WARN  org.mybatis.spring.mapper.ClassPathMapperScanner - Skipping MapperFactoryBean with name 'busAdministrativeMapper' and 'com.hifo.dataoperation.mapper.setting.BusAdministrativeMapper' mapperInterface. Bean already defined with the same name!
2020-04-20 16:27:13.170 [main] WARN  org.mybatis.spring.mapper.ClassPathMapperScanner - Skipping MapperFactoryBean with name 'busOrganizationCityMapper' and 'com.hifo.dataoperation.mapper.setting.BusOrganizationCityMapper' mapperInterface. Bean already defined with the same name!
2020-04-20 16:27:13.170 [main] WARN  org.mybatis.spring.mapper.ClassPathMapperScanner - No MyBatis mapper was found in '[com.hifo.*.mapper]' package. Please check your configuration.
2020-04-20 16:27:15.300 [main] WARN  c.b.mybatisplus.core.toolkit.TableInfoHelper - Warn: Could not find @TableId in Class: com.hifo.dataoperation.entity.CategoryDictionary.
2020-04-20 16:27:15.730 [main] WARN  c.b.mybatisplus.core.toolkit.TableInfoHelper - Warn: Could not find @TableId in Class: org.apache.poi.ss.formula.functions.T.
2020-04-20 16:27:18.760 [main] WARN  s.d.s.w.readers.parameter.ParameterDataTypeReader - Trying to infer dataType java.lang.String[]
2020-04-20 16:27:18.770 [main] WARN  s.d.s.w.readers.parameter.ParameterDataTypeReader - Trying to infer dataType java.lang.String[]
2020-04-20 16:27:18.860 [main] WARN  s.d.s.w.readers.parameter.ParameterDataTypeReader - Trying to infer dataType java.lang.String[]
2020-04-20 16:27:18.890 [main] WARN  s.d.s.w.readers.parameter.ParameterDataTypeReader - Trying to infer dataType java.lang.String[]
2020-04-20 16:27:18.900 [main] WARN  s.d.s.w.readers.parameter.ParameterDataTypeReader - Trying to infer dataType java.lang.String[]
2020-04-20 16:27:18.910 [main] WARN  s.d.s.w.readers.parameter.ParameterDataTypeReader - Trying to infer dataType java.lang.String[]
2020-04-20 16:27:18.930 [main] WARN  s.d.s.w.readers.parameter.ParameterDataTypeReader - Trying to infer dataType java.lang.String[]
2020-04-20 16:27:18.970 [main] WARN  s.d.s.w.readers.parameter.ParameterDataTypeReader - Trying to infer dataType java.lang.String[]
2020-04-20 16:27:18.990 [main] WARN  s.d.s.w.readers.parameter.ParameterDataTypeReader - Trying to infer dataType java.lang.String[]
2020-04-20 16:27:19.000 [main] WARN  s.d.s.w.readers.parameter.ParameterDataTypeReader - Trying to infer dataType java.lang.String[]
2020-04-20 16:27:19.050 [main] WARN  s.d.s.w.readers.parameter.ParameterDataTypeReader - Trying to infer dataType java.lang.String[]
2020-04-20 16:27:19.230 [main] WARN  s.d.s.w.readers.parameter.ParameterDataTypeReader - Trying to infer dataType java.lang.String[]
2020-04-20 16:27:19.230 [main] WARN  s.d.s.w.readers.parameter.ParameterDataTypeReader - Trying to infer dataType java.lang.String[]
2020-04-20 16:27:19.240 [main] WARN  s.d.s.w.readers.parameter.ParameterDataTypeReader - Trying to infer dataType java.lang.String[]
2020-04-20 16:27:19.240 [main] WARN  s.d.s.w.readers.parameter.ParameterDataTypeReader - Trying to infer dataType java.lang.String[]
2020-04-20 16:27:19.250 [main] WARN  s.d.s.w.readers.parameter.ParameterDataTypeReader - Trying to infer dataType java.lang.String[]
2020-04-20 16:27:19.250 [main] WARN  s.d.s.w.readers.parameter.ParameterDataTypeReader - Trying to infer dataType java.lang.String[]
2020-04-20 16:27:19.300 [main] WARN  s.d.s.w.readers.parameter.ParameterDataTypeReader - Trying to infer dataType java.lang.String[]
2020-04-20 16:27:19.340 [main] WARN  s.d.s.w.readers.parameter.ParameterDataTypeReader - Trying to infer dataType java.lang.String[]
2020-04-20 16:27:19.360 [main] WARN  s.d.s.w.readers.parameter.ParameterDataTypeReader - Trying to infer dataType java.lang.String[]
2020-04-20 16:27:19.380 [main] WARN  s.d.s.w.readers.parameter.ParameterDataTypeReader - Trying to infer dataType java.lang.String[]
2020-04-20 16:27:19.480 [main] WARN  s.d.s.w.readers.parameter.ParameterDataTypeReader - Trying to infer dataType java.lang.String[]
2020-04-20 16:27:19.500 [main] WARN  s.d.s.w.readers.parameter.ParameterDataTypeReader - Trying to infer dataType java.lang.String[]
2020-04-20 16:27:19.510 [main] WARN  s.d.s.w.readers.parameter.ParameterDataTypeReader - Trying to infer dataType java.lang.String[]
2020-04-20 16:34:00.258 [main] WARN  org.mybatis.spring.mapper.ClassPathMapperScanner - Skipping MapperFactoryBean with name 'basicMapper' and 'com.hifo.dataoperation.mapper.basic.BasicMapper' mapperInterface. Bean already defined with the same name!
2020-04-20 16:34:00.259 [main] WARN  org.mybatis.spring.mapper.ClassPathMapperScanner - Skipping MapperFactoryBean with name 'busCoeStructureMapper' and 'com.hifo.dataoperation.mapper.coe.BusCoeStructureMapper' mapperInterface. Bean already defined with the same name!
2020-04-20 16:34:00.260 [main] WARN  org.mybatis.spring.mapper.ClassPathMapperScanner - Skipping MapperFactoryBean with name 'busCommonCoeSceneryMapper' and 'com.hifo.dataoperation.mapper.coe.BusCommonCoeSceneryMapper' mapperInterface. Bean already defined with the same name!
2020-04-20 16:34:00.260 [main] WARN  org.mybatis.spring.mapper.ClassPathMapperScanner - Skipping MapperFactoryBean with name 'avgPriceMapper' and 'com.hifo.dataoperation.mapper.estate.AvgPriceMapper' mapperInterface. Bean already defined with the same name!
2020-04-20 16:34:00.261 [main] WARN  org.mybatis.spring.mapper.ClassPathMapperScanner - Skipping MapperFactoryBean with name 'busMergeRelMapper' and 'com.hifo.dataoperation.mapper.estate.BusMergeRelMapper' mapperInterface. Bean already defined with the same name!
2020-04-20 16:34:00.262 [main] WARN  org.mybatis.spring.mapper.ClassPathMapperScanner - Skipping MapperFactoryBean with name 'busSettingMapper' and 'com.hifo.dataoperation.mapper.setting.BusSettingMapper' mapperInterface. Bean already defined with the same name!
2020-04-20 16:34:00.262 [main] WARN  org.mybatis.spring.mapper.ClassPathMapperScanner - Skipping MapperFactoryBean with name 'fieldMapper' and 'com.hifo.dataoperation.mapper.setting.FieldMapper' mapperInterface. Bean already defined with the same name!
2020-04-20 16:34:00.263 [main] WARN  org.mybatis.spring.mapper.ClassPathMapperScanner - Skipping MapperFactoryBean with name 'busUploadLogMapper' and 'com.hifo.dataoperation.mapper.upload.BusUploadLogMapper' mapperInterface. Bean already defined with the same name!
2020-04-20 16:34:00.263 [main] WARN  org.mybatis.spring.mapper.ClassPathMapperScanner - Skipping MapperFactoryBean with name 'busCoeGroupMapper' and 'com.hifo.dataoperation.mapper.coe.BusCoeGroupMapper' mapperInterface. Bean already defined with the same name!
2020-04-20 16:34:00.265 [main] WARN  org.mybatis.spring.mapper.ClassPathMapperScanner - Skipping MapperFactoryBean with name 'busCommonCoeFloorMapper' and 'com.hifo.dataoperation.mapper.coe.BusCommonCoeFloorMapper' mapperInterface. Bean already defined with the same name!
2020-04-20 16:34:00.265 [main] WARN  org.mybatis.spring.mapper.ClassPathMapperScanner - Skipping MapperFactoryBean with name 'busOrganizationCoetypeMapper' and 'com.hifo.dataoperation.mapper.coe.BusOrganizationCoetypeMapper' mapperInterface. Bean already defined with the same name!
2020-04-20 16:34:00.266 [main] WARN  org.mybatis.spring.mapper.ClassPathMapperScanner - Skipping MapperFactoryBean with name 'extEmployeeMapper' and 'com.hifo.dataoperation.mapper.crm.ExtEmployeeMapper' mapperInterface. Bean already defined with the same name!
2020-04-20 16:34:00.267 [main] WARN  org.mybatis.spring.mapper.ClassPathMapperScanner - Skipping MapperFactoryBean with name 'busEstateAgentMapper' and 'com.hifo.dataoperation.mapper.estate.BusEstateAgentMapper' mapperInterface. Bean already defined with the same name!
2020-04-20 16:34:00.268 [main] WARN  org.mybatis.spring.mapper.ClassPathMapperScanner - Skipping MapperFactoryBean with name 'busVirtualRelMapper' and 'com.hifo.dataoperation.mapper.estate.BusVirtualRelMapper' mapperInterface. Bean already defined with the same name!
2020-04-20 16:34:00.269 [main] WARN  org.mybatis.spring.mapper.ClassPathMapperScanner - Skipping MapperFactoryBean with name 'busAdministrativeMapper' and 'com.hifo.dataoperation.mapper.setting.BusAdministrativeMapper' mapperInterface. Bean already defined with the same name!
2020-04-20 16:34:00.269 [main] WARN  org.mybatis.spring.mapper.ClassPathMapperScanner - Skipping MapperFactoryBean with name 'customerUserMapper' and 'com.hifo.dataoperation.mapper.setting.CustomerUserMapper' mapperInterface. Bean already defined with the same name!
2020-04-20 16:34:00.269 [main] WARN  org.mybatis.spring.mapper.ClassPathMapperScanner - Skipping MapperFactoryBean with name 'moduleMapper' and 'com.hifo.dataoperation.mapper.setting.ModuleMapper' mapperInterface. Bean already defined with the same name!
2020-04-20 16:34:00.270 [main] WARN  org.mybatis.spring.mapper.ClassPathMapperScanner - Skipping MapperFactoryBean with name 'busCoeItemMapper' and 'com.hifo.dataoperation.mapper.coe.BusCoeItemMapper' mapperInterface. Bean already defined with the same name!
2020-04-20 16:34:00.270 [main] WARN  org.mybatis.spring.mapper.ClassPathMapperScanner - Skipping MapperFactoryBean with name 'busCommonCoeOrientationMapper' and 'com.hifo.dataoperation.mapper.coe.BusCommonCoeOrientationMapper' mapperInterface. Bean already defined with the same name!
2020-04-20 16:34:00.270 [main] WARN  org.mybatis.spring.mapper.ClassPathMapperScanner - Skipping MapperFactoryBean with name 'coeMapper' and 'com.hifo.dataoperation.mapper.coe.CoeMapper' mapperInterface. Bean already defined with the same name!
2020-04-20 16:34:00.271 [main] WARN  org.mybatis.spring.mapper.ClassPathMapperScanner - Skipping MapperFactoryBean with name 'busEstateMapper' and 'com.hifo.dataoperation.mapper.estate.BusEstateMapper' mapperInterface. Bean already defined with the same name!
2020-04-20 16:34:00.271 [main] WARN  org.mybatis.spring.mapper.ClassPathMapperScanner - Skipping MapperFactoryBean with name 'busOrganizationCityMapper' and 'com.hifo.dataoperation.mapper.setting.BusOrganizationCityMapper' mapperInterface. Bean already defined with the same name!
2020-04-20 16:34:00.271 [main] WARN  org.mybatis.spring.mapper.ClassPathMapperScanner - Skipping MapperFactoryBean with name 'extOrganizationMapper' and 'com.hifo.dataoperation.mapper.setting.ExtOrganizationMapper' mapperInterface. Bean already defined with the same name!
2020-04-20 16:34:00.272 [main] WARN  org.mybatis.spring.mapper.ClassPathMapperScanner - Skipping MapperFactoryBean with name 'busCommonCoeAreaMapper' and 'com.hifo.dataoperation.mapper.coe.BusCommonCoeAreaMapper' mapperInterface. Bean already defined with the same name!
2020-04-20 16:34:00.272 [main] WARN  org.mybatis.spring.mapper.ClassPathMapperScanner - Skipping MapperFactoryBean with name 'busCommonCoeStructureMapper' and 'com.hifo.dataoperation.mapper.coe.BusCommonCoeStructureMapper' mapperInterface. Bean already defined with the same name!
2020-04-20 16:34:00.272 [main] WARN  org.mybatis.spring.mapper.ClassPathMapperScanner - Skipping MapperFactoryBean with name 'busBuildingMapper' and 'com.hifo.dataoperation.mapper.estate.BusBuildingMapper' mapperInterface. Bean already defined with the same name!
2020-04-20 16:34:00.273 [main] WARN  org.mybatis.spring.mapper.ClassPathMapperScanner - Skipping MapperFactoryBean with name 'busRoomMapper' and 'com.hifo.dataoperation.mapper.estate.BusRoomMapper' mapperInterface. Bean already defined with the same name!
2020-04-20 16:34:00.273 [main] WARN  org.mybatis.spring.mapper.ClassPathMapperScanner - Skipping MapperFactoryBean with name 'customerOrgMapper' and 'com.hifo.dataoperation.mapper.setting.CustomerOrgMapper' mapperInterface. Bean already defined with the same name!
2020-04-20 16:34:00.274 [main] WARN  org.mybatis.spring.mapper.ClassPathMapperScanner - Skipping MapperFactoryBean with name 'hfDictionaryMapper' and 'com.hifo.dataoperation.mapper.setting.HfDictionaryMapper' mapperInterface. Bean already defined with the same name!
2020-04-20 16:34:00.274 [main] WARN  org.mybatis.spring.mapper.ClassPathMapperScanner - Skipping MapperFactoryBean with name 'extAskPriceLogMapper' and 'com.hifo.dataoperation.mapper.wxh5.ExtAskPriceLogMapper' mapperInterface. Bean already defined with the same name!
2020-04-20 16:34:00.275 [main] WARN  org.mybatis.spring.mapper.ClassPathMapperScanner - No MyBatis mapper was found in '[com.hifo.*.mapper]' package. Please check your configuration.
2020-04-20 16:34:03.067 [main] WARN  c.b.mybatisplus.core.toolkit.TableInfoHelper - Warn: Could not find @TableId in Class: org.apache.poi.ss.formula.functions.T.
2020-04-20 16:34:03.228 [main] WARN  c.b.mybatisplus.core.toolkit.TableInfoHelper - Warn: Could not find @TableId in Class: com.hifo.dataoperation.entity.CategoryDictionary.
2020-04-20 16:34:06.417 [main] WARN  s.d.s.w.readers.parameter.ParameterDataTypeReader - Trying to infer dataType java.lang.String[]
2020-04-20 16:34:06.430 [main] WARN  s.d.s.w.readers.parameter.ParameterDataTypeReader - Trying to infer dataType java.lang.String[]
2020-04-20 16:34:06.534 [main] WARN  s.d.s.w.readers.parameter.ParameterDataTypeReader - Trying to infer dataType java.lang.String[]
2020-04-20 16:34:06.572 [main] WARN  s.d.s.w.readers.parameter.ParameterDataTypeReader - Trying to infer dataType java.lang.String[]
2020-04-20 16:34:06.583 [main] WARN  s.d.s.w.readers.parameter.ParameterDataTypeReader - Trying to infer dataType java.lang.String[]
2020-04-20 16:34:06.588 [main] WARN  s.d.s.w.readers.parameter.ParameterDataTypeReader - Trying to infer dataType java.lang.String[]
2020-04-20 16:34:06.615 [main] WARN  s.d.s.w.readers.parameter.ParameterDataTypeReader - Trying to infer dataType java.lang.String[]
2020-04-20 16:34:06.647 [main] WARN  s.d.s.w.readers.parameter.ParameterDataTypeReader - Trying to infer dataType java.lang.String[]
2020-04-20 16:34:06.666 [main] WARN  s.d.s.w.readers.parameter.ParameterDataTypeReader - Trying to infer dataType java.lang.String[]
2020-04-20 16:34:06.675 [main] WARN  s.d.s.w.readers.parameter.ParameterDataTypeReader - Trying to infer dataType java.lang.String[]
2020-04-20 16:34:06.736 [main] WARN  s.d.s.w.readers.parameter.ParameterDataTypeReader - Trying to infer dataType java.lang.String[]
2020-04-20 16:34:06.931 [main] WARN  s.d.s.w.readers.parameter.ParameterDataTypeReader - Trying to infer dataType java.lang.String[]
2020-04-20 16:34:06.935 [main] WARN  s.d.s.w.readers.parameter.ParameterDataTypeReader - Trying to infer dataType java.lang.String[]
2020-04-20 16:34:06.946 [main] WARN  s.d.s.w.readers.parameter.ParameterDataTypeReader - Trying to infer dataType java.lang.String[]
2020-04-20 16:34:06.950 [main] WARN  s.d.s.w.readers.parameter.ParameterDataTypeReader - Trying to infer dataType java.lang.String[]
2020-04-20 16:34:06.956 [main] WARN  s.d.s.w.readers.parameter.ParameterDataTypeReader - Trying to infer dataType java.lang.String[]
2020-04-20 16:34:06.964 [main] WARN  s.d.s.w.readers.parameter.ParameterDataTypeReader - Trying to infer dataType java.lang.String[]
2020-04-20 16:34:07.030 [main] WARN  s.d.s.w.readers.parameter.ParameterDataTypeReader - Trying to infer dataType java.lang.String[]
2020-04-20 16:34:07.080 [main] WARN  s.d.s.w.readers.parameter.ParameterDataTypeReader - Trying to infer dataType java.lang.String[]
2020-04-20 16:34:07.107 [main] WARN  s.d.s.w.readers.parameter.ParameterDataTypeReader - Trying to infer dataType java.lang.String[]
2020-04-20 16:34:07.123 [main] WARN  s.d.s.w.readers.parameter.ParameterDataTypeReader - Trying to infer dataType java.lang.String[]
2020-04-20 16:34:07.257 [main] WARN  s.d.s.w.readers.parameter.ParameterDataTypeReader - Trying to infer dataType java.lang.String[]
2020-04-20 16:34:07.281 [main] WARN  s.d.s.w.readers.parameter.ParameterDataTypeReader - Trying to infer dataType java.lang.String[]
2020-04-20 16:34:07.297 [main] WARN  s.d.s.w.readers.parameter.ParameterDataTypeReader - Trying to infer dataType java.lang.String[]
2020-04-20 16:35:06.864 [http-nio-8899-exec-2] WARN  o.s.w.s.m.support.DefaultHandlerExceptionResolver - Resolved [org.springframework.web.HttpRequestMethodNotSupportedException: Request method 'POST' not supported]
2020-04-20 16:39:50.254 [main] WARN  org.mybatis.spring.mapper.ClassPathMapperScanner - Skipping MapperFactoryBean with name 'basicMapper' and 'com.hifo.dataoperation.mapper.basic.BasicMapper' mapperInterface. Bean already defined with the same name!
2020-04-20 16:39:50.254 [main] WARN  org.mybatis.spring.mapper.ClassPathMapperScanner - Skipping MapperFactoryBean with name 'busCoeStructureMapper' and 'com.hifo.dataoperation.mapper.coe.BusCoeStructureMapper' mapperInterface. Bean already defined with the same name!
2020-04-20 16:39:50.254 [main] WARN  org.mybatis.spring.mapper.ClassPathMapperScanner - Skipping MapperFactoryBean with name 'busCommonCoeSceneryMapper' and 'com.hifo.dataoperation.mapper.coe.BusCommonCoeSceneryMapper' mapperInterface. Bean already defined with the same name!
2020-04-20 16:39:50.254 [main] WARN  org.mybatis.spring.mapper.ClassPathMapperScanner - Skipping MapperFactoryBean with name 'avgPriceMapper' and 'com.hifo.dataoperation.mapper.estate.AvgPriceMapper' mapperInterface. Bean already defined with the same name!
2020-04-20 16:39:50.254 [main] WARN  org.mybatis.spring.mapper.ClassPathMapperScanner - Skipping MapperFactoryBean with name 'busMergeRelMapper' and 'com.hifo.dataoperation.mapper.estate.BusMergeRelMapper' mapperInterface. Bean already defined with the same name!
2020-04-20 16:39:50.254 [main] WARN  org.mybatis.spring.mapper.ClassPathMapperScanner - Skipping MapperFactoryBean with name 'busSettingMapper' and 'com.hifo.dataoperation.mapper.setting.BusSettingMapper' mapperInterface. Bean already defined with the same name!
2020-04-20 16:39:50.254 [main] WARN  org.mybatis.spring.mapper.ClassPathMapperScanner - Skipping MapperFactoryBean with name 'fieldMapper' and 'com.hifo.dataoperation.mapper.setting.FieldMapper' mapperInterface. Bean already defined with the same name!
2020-04-20 16:39:50.264 [main] WARN  org.mybatis.spring.mapper.ClassPathMapperScanner - Skipping MapperFactoryBean with name 'busUploadLogMapper' and 'com.hifo.dataoperation.mapper.upload.BusUploadLogMapper' mapperInterface. Bean already defined with the same name!
2020-04-20 16:39:50.264 [main] WARN  org.mybatis.spring.mapper.ClassPathMapperScanner - Skipping MapperFactoryBean with name 'busCoeGroupMapper' and 'com.hifo.dataoperation.mapper.coe.BusCoeGroupMapper' mapperInterface. Bean already defined with the same name!
2020-04-20 16:39:50.264 [main] WARN  org.mybatis.spring.mapper.ClassPathMapperScanner - Skipping MapperFactoryBean with name 'busCommonCoeFloorMapper' and 'com.hifo.dataoperation.mapper.coe.BusCommonCoeFloorMapper' mapperInterface. Bean already defined with the same name!
2020-04-20 16:39:50.264 [main] WARN  org.mybatis.spring.mapper.ClassPathMapperScanner - Skipping MapperFactoryBean with name 'busOrganizationCoetypeMapper' and 'com.hifo.dataoperation.mapper.coe.BusOrganizationCoetypeMapper' mapperInterface. Bean already defined with the same name!
2020-04-20 16:39:50.264 [main] WARN  org.mybatis.spring.mapper.ClassPathMapperScanner - Skipping MapperFactoryBean with name 'extEmployeeMapper' and 'com.hifo.dataoperation.mapper.crm.ExtEmployeeMapper' mapperInterface. Bean already defined with the same name!
2020-04-20 16:39:50.264 [main] WARN  org.mybatis.spring.mapper.ClassPathMapperScanner - Skipping MapperFactoryBean with name 'busEstateAgentMapper' and 'com.hifo.dataoperation.mapper.estate.BusEstateAgentMapper' mapperInterface. Bean already defined with the same name!
2020-04-20 16:39:50.264 [main] WARN  org.mybatis.spring.mapper.ClassPathMapperScanner - Skipping MapperFactoryBean with name 'busVirtualRelMapper' and 'com.hifo.dataoperation.mapper.estate.BusVirtualRelMapper' mapperInterface. Bean already defined with the same name!
2020-04-20 16:39:50.264 [main] WARN  org.mybatis.spring.mapper.ClassPathMapperScanner - Skipping MapperFactoryBean with name 'busAdministrativeMapper' and 'com.hifo.dataoperation.mapper.setting.BusAdministrativeMapper' mapperInterface. Bean already defined with the same name!
2020-04-20 16:39:50.264 [main] WARN  org.mybatis.spring.mapper.ClassPathMapperScanner - Skipping MapperFactoryBean with name 'customerUserMapper' and 'com.hifo.dataoperation.mapper.setting.CustomerUserMapper' mapperInterface. Bean already defined with the same name!
2020-04-20 16:39:50.264 [main] WARN  org.mybatis.spring.mapper.ClassPathMapperScanner - Skipping MapperFactoryBean with name 'moduleMapper' and 'com.hifo.dataoperation.mapper.setting.ModuleMapper' mapperInterface. Bean already defined with the same name!
2020-04-20 16:39:50.264 [main] WARN  org.mybatis.spring.mapper.ClassPathMapperScanner - Skipping MapperFactoryBean with name 'busCoeItemMapper' and 'com.hifo.dataoperation.mapper.coe.BusCoeItemMapper' mapperInterface. Bean already defined with the same name!
2020-04-20 16:39:50.264 [main] WARN  org.mybatis.spring.mapper.ClassPathMapperScanner - Skipping MapperFactoryBean with name 'busCommonCoeOrientationMapper' and 'com.hifo.dataoperation.mapper.coe.BusCommonCoeOrientationMapper' mapperInterface. Bean already defined with the same name!
2020-04-20 16:39:50.264 [main] WARN  org.mybatis.spring.mapper.ClassPathMapperScanner - Skipping MapperFactoryBean with name 'coeMapper' and 'com.hifo.dataoperation.mapper.coe.CoeMapper' mapperInterface. Bean already defined with the same name!
2020-04-20 16:39:50.274 [main] WARN  org.mybatis.spring.mapper.ClassPathMapperScanner - Skipping MapperFactoryBean with name 'busEstateMapper' and 'com.hifo.dataoperation.mapper.estate.BusEstateMapper' mapperInterface. Bean already defined with the same name!
2020-04-20 16:39:50.274 [main] WARN  org.mybatis.spring.mapper.ClassPathMapperScanner - Skipping MapperFactoryBean with name 'busOrganizationCityMapper' and 'com.hifo.dataoperation.mapper.setting.BusOrganizationCityMapper' mapperInterface. Bean already defined with the same name!
2020-04-20 16:39:50.274 [main] WARN  org.mybatis.spring.mapper.ClassPathMapperScanner - Skipping MapperFactoryBean with name 'extOrganizationMapper' and 'com.hifo.dataoperation.mapper.setting.ExtOrganizationMapper' mapperInterface. Bean already defined with the same name!
2020-04-20 16:39:50.274 [main] WARN  org.mybatis.spring.mapper.ClassPathMapperScanner - Skipping MapperFactoryBean with name 'busCommonCoeAreaMapper' and 'com.hifo.dataoperation.mapper.coe.BusCommonCoeAreaMapper' mapperInterface. Bean already defined with the same name!
2020-04-20 16:39:50.274 [main] WARN  org.mybatis.spring.mapper.ClassPathMapperScanner - Skipping MapperFactoryBean with name 'busCommonCoeStructureMapper' and 'com.hifo.dataoperation.mapper.coe.BusCommonCoeStructureMapper' mapperInterface. Bean already defined with the same name!
2020-04-20 16:39:50.274 [main] WARN  org.mybatis.spring.mapper.ClassPathMapperScanner - Skipping MapperFactoryBean with name 'busBuildingMapper' and 'com.hifo.dataoperation.mapper.estate.BusBuildingMapper' mapperInterface. Bean already defined with the same name!
2020-04-20 16:39:50.274 [main] WARN  org.mybatis.spring.mapper.ClassPathMapperScanner - Skipping MapperFactoryBean with name 'busRoomMapper' and 'com.hifo.dataoperation.mapper.estate.BusRoomMapper' mapperInterface. Bean already defined with the same name!
2020-04-20 16:39:50.274 [main] WARN  org.mybatis.spring.mapper.ClassPathMapperScanner - Skipping MapperFactoryBean with name 'customerOrgMapper' and 'com.hifo.dataoperation.mapper.setting.CustomerOrgMapper' mapperInterface. Bean already defined with the same name!
2020-04-20 16:39:50.274 [main] WARN  org.mybatis.spring.mapper.ClassPathMapperScanner - Skipping MapperFactoryBean with name 'hfDictionaryMapper' and 'com.hifo.dataoperation.mapper.setting.HfDictionaryMapper' mapperInterface. Bean already defined with the same name!
2020-04-20 16:39:50.274 [main] WARN  org.mybatis.spring.mapper.ClassPathMapperScanner - Skipping MapperFactoryBean with name 'extAskPriceLogMapper' and 'com.hifo.dataoperation.mapper.wxh5.ExtAskPriceLogMapper' mapperInterface. Bean already defined with the same name!
2020-04-20 16:39:50.274 [main] WARN  org.mybatis.spring.mapper.ClassPathMapperScanner - No MyBatis mapper was found in '[com.hifo.*.mapper]' package. Please check your configuration.
2020-04-20 16:39:53.104 [main] WARN  c.b.mybatisplus.core.toolkit.TableInfoHelper - Warn: Could not find @TableId in Class: org.apache.poi.ss.formula.functions.T.
2020-04-20 16:39:53.254 [main] WARN  c.b.mybatisplus.core.toolkit.TableInfoHelper - Warn: Could not find @TableId in Class: com.hifo.dataoperation.entity.CategoryDictionary.
2020-04-20 16:39:56.224 [main] WARN  s.d.s.w.readers.parameter.ParameterDataTypeReader - Trying to infer dataType java.lang.String[]
2020-04-20 16:39:56.244 [main] WARN  s.d.s.w.readers.parameter.ParameterDataTypeReader - Trying to infer dataType java.lang.String[]
2020-04-20 16:39:56.354 [main] WARN  s.d.s.w.readers.parameter.ParameterDataTypeReader - Trying to infer dataType java.lang.String[]
2020-04-20 16:39:56.374 [main] WARN  s.d.s.w.readers.parameter.ParameterDataTypeReader - Trying to infer dataType java.lang.String[]
2020-04-20 16:39:56.394 [main] WARN  s.d.s.w.readers.parameter.ParameterDataTypeReader - Trying to infer dataType java.lang.String[]
2020-04-20 16:39:56.404 [main] WARN  s.d.s.w.readers.parameter.ParameterDataTypeReader - Trying to infer dataType java.lang.String[]
2020-04-20 16:39:56.434 [main] WARN  s.d.s.w.readers.parameter.ParameterDataTypeReader - Trying to infer dataType java.lang.String[]
2020-04-20 16:39:56.464 [main] WARN  s.d.s.w.readers.parameter.ParameterDataTypeReader - Trying to infer dataType java.lang.String[]
2020-04-20 16:39:56.494 [main] WARN  s.d.s.w.readers.parameter.ParameterDataTypeReader - Trying to infer dataType java.lang.String[]
2020-04-20 16:39:56.504 [main] WARN  s.d.s.w.readers.parameter.ParameterDataTypeReader - Trying to infer dataType java.lang.String[]
2020-04-20 16:39:56.554 [main] WARN  s.d.s.w.readers.parameter.ParameterDataTypeReader - Trying to infer dataType java.lang.String[]
2020-04-20 16:39:56.744 [main] WARN  s.d.s.w.readers.parameter.ParameterDataTypeReader - Trying to infer dataType java.lang.String[]
2020-04-20 16:39:56.744 [main] WARN  s.d.s.w.readers.parameter.ParameterDataTypeReader - Trying to infer dataType java.lang.String[]
2020-04-20 16:39:56.754 [main] WARN  s.d.s.w.readers.parameter.ParameterDataTypeReader - Trying to infer dataType java.lang.String[]
2020-04-20 16:39:56.754 [main] WARN  s.d.s.w.readers.parameter.ParameterDataTypeReader - Trying to infer dataType java.lang.String[]
2020-04-20 16:39:56.764 [main] WARN  s.d.s.w.readers.parameter.ParameterDataTypeReader - Trying to infer dataType java.lang.String[]
2020-04-20 16:39:56.774 [main] WARN  s.d.s.w.readers.parameter.ParameterDataTypeReader - Trying to infer dataType java.lang.String[]
2020-04-20 16:39:56.834 [main] WARN  s.d.s.w.readers.parameter.ParameterDataTypeReader - Trying to infer dataType java.lang.String[]
2020-04-20 16:39:56.874 [main] WARN  s.d.s.w.readers.parameter.ParameterDataTypeReader - Trying to infer dataType java.lang.String[]
2020-04-20 16:39:56.904 [main] WARN  s.d.s.w.readers.parameter.ParameterDataTypeReader - Trying to infer dataType java.lang.String[]
2020-04-20 16:39:56.924 [main] WARN  s.d.s.w.readers.parameter.ParameterDataTypeReader - Trying to infer dataType java.lang.String[]
2020-04-20 16:39:57.054 [main] WARN  s.d.s.w.readers.parameter.ParameterDataTypeReader - Trying to infer dataType java.lang.String[]
2020-04-20 16:39:57.074 [main] WARN  s.d.s.w.readers.parameter.ParameterDataTypeReader - Trying to infer dataType java.lang.String[]
2020-04-20 16:39:57.094 [main] WARN  s.d.s.w.readers.parameter.ParameterDataTypeReader - Trying to infer dataType java.lang.String[]
